#
# There is insufficient memory for the Java Runtime Environment to continue.
# Native memory allocation (malloc) failed to allocate 1018336 bytes for Chunk::new
# Possible reasons:
#   The system is out of physical RAM or swap space
#   The process is running with CompressedOops enabled, and the Java Heap may be blocking the growth of the native heap
# Possible solutions:
#   Reduce memory load on the system
#   Increase physical memory or swap space
#   Check if swap backing store is full
#   Decrease Java heap size (-Xmx/-Xms)
#   Decrease number of Java threads
#   Decrease Java thread stack sizes (-Xss)
#   Set larger code cache with -XX:ReservedCodeCacheSize=
#   JVM is running with Unscaled Compressed Oops mode in which the Java heap is
#     placed in the first 4GB address space. The Java Heap base address is the
#     maximum limit for the native heap growth. Please use -XX:HeapBaseMinAddress
#     to set the Java Heap base and to place the Java Heap above 4GB virtual address.
# This output file may be truncated or incomplete.
#
#  Out of Memory Error (allocation.cpp:389), pid=16724, tid=0x0000000000000cb8
#
# JRE version: OpenJDK Runtime Environment (8.0_242-b01) (build 1.8.0_242-release-1644-b01)
# Java VM: OpenJDK 64-Bit Server VM (25.242-b01 mixed mode windows-amd64 compressed oops)
# Failed to write core dump. Minidumps are not enabled by default on client versions of Windows
#

---------------  T H R E A D  ---------------

Current thread (0x000000001808c000):  JavaThread "C2 CompilerThread1" daemon [_thread_in_native, id=3256, stack(0x000000001a850000,0x000000001a950000)]

Stack: [0x000000001a850000,0x000000001a950000]
[error occurred during error reporting (printing stack bounds), id 0xc0000005]

Native frames: (J=compiled Java code, j=interpreted, Vv=VM code, C=native code)


Current CompileTask:
C2:7314607 19140 %     4       com.android.tools.r8.ir.regalloc.a::a @ 1198 (1759 bytes)


---------------  P R O C E S S  ---------------

Java Threads: ( => current thread )
  0x0000000024394000 JavaThread "Cache worker for Java compile cache (F:\AndroidStudioProjects\CarShopping\.gradle\6.1.1\javaCompile)" [_thread_blocked, id=11256, stack(0x000000002c360000,0x000000002c460000)]
  0x0000000024390000 JavaThread "Cache worker for Java compile cache (C:\Users\Tayba\.gradle\caches\6.1.1\javaCompile)" [_thread_blocked, id=20724, stack(0x000000002be80000,0x000000002bf80000)]
  0x0000000024389000 JavaThread "WorkerExecutor Queue Thread 2" [_thread_blocked, id=14084, stack(0x000000002bf80000,0x000000002c080000)]
  0x000000002438e000 JavaThread "stdout" [_thread_in_native, id=14628, stack(0x000000002b780000,0x000000002b880000)]
  0x000000002438b800 JavaThread "stderr" [_thread_in_native, id=14728, stack(0x000000002b680000,0x000000002b780000)]
  0x000000002438b000 JavaThread "stdout" [_thread_in_native, id=12856, stack(0x000000002b580000,0x000000002b680000)]
  0x0000000021e56000 JavaThread "stderr" [_thread_in_native, id=15580, stack(0x000000002b480000,0x000000002b580000)]
  0x0000000021e53000 JavaThread "stdout" [_thread_in_native, id=20852, stack(0x000000002b380000,0x000000002b480000)]
  0x0000000021e54800 JavaThread "stderr" [_thread_in_native, id=16036, stack(0x000000002b280000,0x000000002b380000)]
  0x0000000021e52800 JavaThread "stdout" [_thread_in_native, id=14616, stack(0x000000002b180000,0x000000002b280000)]
  0x0000000021e55800 JavaThread "stderr" [_thread_in_native, id=16356, stack(0x000000002b080000,0x000000002b180000)]
  0x0000000021e54000 JavaThread "pool-4-thread-1" [_thread_blocked, id=18164, stack(0x000000002af80000,0x000000002b080000)]
  0x0000000021e4a000 JavaThread "Cache worker for execution history cache (F:\AndroidStudioProjects\CarShopping\.gradle\6.1.1\executionHistory)" [_thread_blocked, id=11716, stack(0x000000002ae80000,0x000000002af80000)]
  0x0000000021e4b800 JavaThread "Execution worker for ':' Thread 7" [_thread_blocked, id=13348, stack(0x000000002ab80000,0x000000002ac80000)]
  0x0000000021e51000 JavaThread "Execution worker for ':' Thread 6" [_thread_blocked, id=13736, stack(0x000000002aa80000,0x000000002ab80000)]
  0x0000000021e4f800 JavaThread "Execution worker for ':' Thread 5" [_thread_blocked, id=10996, stack(0x000000002a980000,0x000000002aa80000)]
  0x0000000021e4e800 JavaThread "Execution worker for ':' Thread 4" [_thread_blocked, id=17124, stack(0x000000002a880000,0x000000002a980000)]
  0x0000000021e49800 JavaThread "Execution worker for ':' Thread 3" [_thread_blocked, id=1076, stack(0x0000000029790000,0x0000000029890000)]
  0x0000000021e50000 JavaThread "Execution worker for ':' Thread 2" [_thread_blocked, id=1288, stack(0x0000000029690000,0x0000000029790000)]
  0x0000000021e47000 JavaThread "Execution worker for ':'" [_thread_blocked, id=11980, stack(0x0000000029590000,0x0000000029690000)]
  0x0000000021e4b000 JavaThread "Cache worker for file content cache (F:\AndroidStudioProjects\CarShopping\.gradle\6.1.1\fileContent)" [_thread_blocked, id=16332, stack(0x0000000029490000,0x0000000029590000)]
  0x0000000021e48000 JavaThread "Cache worker for file content cache (C:\Users\Tayba\.gradle\caches\6.1.1\fileContent)" [_thread_blocked, id=13660, stack(0x0000000029390000,0x0000000029490000)]
  0x0000000021e4e000 JavaThread "Memory manager" [_thread_blocked, id=12168, stack(0x00000000267e0000,0x00000000268e0000)]
  0x0000000021e48800 JavaThread "Cache worker for Build Output Cleanup Cache (F:\AndroidStudioProjects\CarShopping\.gradle\buildOutputCleanup)" [_thread_blocked, id=17052, stack(0x00000000260e0000,0x00000000261e0000)]
  0x000000001bbf1800 JavaThread "Build operations Thread 8" [_thread_blocked, id=8232, stack(0x0000000025fe0000,0x00000000260e0000)]
  0x000000001bbf5000 JavaThread "Build operations Thread 7" [_thread_blocked, id=17184, stack(0x0000000025ee0000,0x0000000025fe0000)]
  0x000000001bbef000 JavaThread "Build operations Thread 6" [_thread_blocked, id=2516, stack(0x0000000025de0000,0x0000000025ee0000)]
  0x000000001bbee800 JavaThread "Build operations Thread 5" [_thread_in_Java, id=4876, stack(0x0000000025ce0000,0x0000000025de0000)]
  0x000000001bb67000 JavaThread "Build operations Thread 4" [_thread_in_Java, id=13824, stack(0x0000000025be0000,0x0000000025ce0000)]
  0x000000001bb66000 JavaThread "Build operations Thread 3" [_thread_blocked, id=12416, stack(0x0000000025ae0000,0x0000000025be0000)]
  0x000000001bb6d000 JavaThread "Build operations Thread 2" [_thread_blocked, id=18484, stack(0x00000000237e0000,0x00000000238e0000)]
  0x000000001bb6c000 JavaThread "Build operations" [_thread_blocked, id=15864, stack(0x0000000022450000,0x0000000022550000)]
  0x000000001bb6a800 JavaThread "Cache worker for cache directory md-rule (C:\Users\Tayba\.gradle\caches\6.1.1\md-rule)" [_thread_blocked, id=10728, stack(0x0000000022350000,0x0000000022450000)]
  0x000000001bb69000 JavaThread "Cache worker for cache directory md-supplier (C:\Users\Tayba\.gradle\caches\6.1.1\md-supplier)" [_thread_blocked, id=20684, stack(0x0000000021210000,0x0000000021310000)]
  0x000000001bb68800 JavaThread "Cache worker for file hash cache (F:\AndroidStudioProjects\CarShopping\.gradle\6.1.1\fileHashes)" [_thread_blocked, id=10400, stack(0x0000000020f10000,0x0000000021010000)]
  0x000000001bb6a000 JavaThread "Cache worker for checksums cache (F:\AndroidStudioProjects\CarShopping\.gradle\checksums)" [_thread_blocked, id=21204, stack(0x000000001e470000,0x000000001e570000)]
  0x0000000020dc4000 JavaThread "Thread-32" [_thread_blocked, id=6056, stack(0x000000001e370000,0x000000001e470000)]
  0x0000000020dc0800 JavaThread "Asynchronous log dispatcher for DefaultDaemonConnection: socket connection from /127.0.0.1:52893 to /127.0.0.1:53287" [_thread_blocked, id=13584, stack(0x000000001df70000,0x000000001e070000)]
  0x0000000020dbf800 JavaThread "Daemon worker Thread 2" [_thread_blocked, id=11772, stack(0x000000001de70000,0x000000001df70000)]
  0x0000000020dc2000 JavaThread "Cancel handler" [_thread_blocked, id=11180, stack(0x0000000001320000,0x0000000001420000)]
  0x0000000020dc1000 JavaThread "Handler for socket connection from /127.0.0.1:52893 to /127.0.0.1:53287" [_thread_in_native, id=15300, stack(0x0000000001220000,0x0000000001320000)]
  0x0000000020dc2800 JavaThread "Daemon Thread 2" [_thread_blocked, id=15984, stack(0x0000000001120000,0x0000000001220000)]
  0x000000001bbf3800 JavaThread "Cache worker for execution history cache (C:\Users\Tayba\.gradle\caches\6.1.1\executionHistory)" [_thread_blocked, id=21124, stack(0x0000000022610000,0x0000000022710000)]
  0x000000001bbf3000 JavaThread "Cache worker for file hash cache (C:\Users\Tayba\.gradle\caches\6.1.1\fileHashes)" [_thread_blocked, id=17848, stack(0x000000001ec70000,0x000000001ed70000)]
  0x000000001bbf2000 JavaThread "File lock request listener" [_thread_in_native, id=19536, stack(0x000000001eb70000,0x000000001ec70000)]
  0x000000001b4bd800 JavaThread "Cache worker for journal cache (C:\Users\Tayba\.gradle\caches\journal-1)" [_thread_blocked, id=20848, stack(0x000000001ea70000,0x000000001eb70000)]
  0x000000001c977000 JavaThread "Daemon periodic checks" [_thread_blocked, id=16536, stack(0x000000001dd70000,0x000000001de70000)]
  0x000000001c976000 JavaThread "Incoming local TCP Connector on port 52893" [_thread_in_native, id=13280, stack(0x000000001db30000,0x000000001dc30000)]
  0x000000001ae47000 JavaThread "Daemon health stats" [_thread_blocked, id=18204, stack(0x000000001d4f0000,0x000000001d5f0000)]
  0x0000000019f13800 JavaThread "Service Thread" daemon [_thread_blocked, id=20292, stack(0x000000001ab50000,0x000000001ac50000)]
  0x0000000019e93000 JavaThread "C1 CompilerThread3" daemon [_thread_in_vm, id=18784, stack(0x000000001aa50000,0x000000001ab50000)]
  0x000000001808e800 JavaThread "C2 CompilerThread2" daemon [_thread_in_native, id=5464, stack(0x000000001a950000,0x000000001aa50000)]
=>0x000000001808c000 JavaThread "C2 CompilerThread1" daemon [_thread_in_native, id=3256, stack(0x000000001a850000,0x000000001a950000)]
  0x0000000018089000 JavaThread "C2 CompilerThread0" daemon [_thread_in_native, id=4124, stack(0x000000001a750000,0x000000001a850000)]
  0x0000000019e84000 JavaThread "Attach Listener" daemon [_thread_blocked, id=16124, stack(0x000000001a650000,0x000000001a750000)]
  0x0000000019e86000 JavaThread "Signal Dispatcher" daemon [_thread_blocked, id=14756, stack(0x000000001a550000,0x000000001a650000)]
  0x0000000019e71000 JavaThread "Finalizer" daemon [_thread_blocked, id=18916, stack(0x000000001a350000,0x000000001a450000)]
  0x0000000019e70800 JavaThread "Reference Handler" daemon [_thread_blocked, id=10552, stack(0x000000001a250000,0x000000001a350000)]
  0x0000000002f0e800 JavaThread "main" [_thread_blocked, id=18992, stack(0x0000000002d40000,0x0000000002e40000)]

Other Threads:
  0x0000000018076000 VMThread [stack: 0x0000000019d50000,0x0000000019e50000] [id=16268]
  0x0000000019f14800 WatcherThread [stack: 0x000000001ac50000,0x000000001ad50000] [id=21080]

VM state:not at safepoint (normal execution)

VM Mutex/Monitor currently owned by a thread: None

heap address: 0x0000000080000000, size: 2048 MB, Compressed Oops mode: 32-bit
Narrow klass base: 0x0000000000000000, Narrow klass shift: 3
Compressed class space size: 1073741824 Address: 0x0000000100000000

Heap:
 PSYoungGen      total 580608K, used 472845K [0x00000000d5580000, 0x00000000fb480000, 0x0000000100000000)
  eden space 544768K, 86% used [0x00000000d5580000,0x00000000f2173710,0x00000000f6980000)
  from space 35840K, 5% used [0x00000000f9180000,0x00000000f9350000,0x00000000fb480000)
  to   space 38400K, 0% used [0x00000000f6980000,0x00000000f6980000,0x00000000f8f00000)
 ParOldGen       total 202752K, used 115185K [0x0000000080000000, 0x000000008c600000, 0x00000000d5580000)
  object space 202752K, 56% used [0x0000000080000000,0x000000008707c790,0x000000008c600000)
 Metaspace       used 98782K, capacity 103047K, committed 106536K, reserved 1140736K
  class space    used 12816K, capacity 13661K, committed 14400K, reserved 1048576K

Card table byte_map: [0x00000000123d0000,0x00000000127e0000] byte_map_base: 0x0000000011fd0000

Marking Bits: (ParMarkBitMap*) 0x000000005ed6f030
 Begin Bits: [0x0000000013290000, 0x0000000015290000)
 End Bits:   [0x0000000015290000, 0x0000000017290000)

Polling page: 0x0000000000be0000

CodeCache: size=245760Kb used=55441Kb max_used=55461Kb free=190318Kb
 bounds [0x0000000003010000, 0x00000000066f0000, 0x0000000012010000]
 total_blobs=16490 nmethods=15599 adapters=802
 compilation: enabled

Compilation events (10 events):
Event: 7313.388 Thread 0x0000000019e93000 19144       2       com.android.tools.r8.u.b.f::b (11 bytes)
Event: 7313.388 Thread 0x0000000019e93000 nmethod 19144 0x0000000005eb11d0 code [0x0000000005eb1340, 0x0000000005eb1508]
Event: 7313.388 Thread 0x0000000019e93000 19145       2       com.android.tools.r8.code.t::<init> (8 bytes)
Event: 7313.389 Thread 0x0000000019e93000 nmethod 19145 0x0000000005f1a550 code [0x0000000005f1a6c0, 0x0000000005f1a828]
Event: 7313.404 Thread 0x000000001808e800 nmethod 18095% 0x00000000066d5dd0 code [0x00000000066d62c0, 0x00000000066db4c0]
Event: 7313.405 Thread 0x000000001808e800 19142 %     4       com.android.tools.r8.ir.optimize.Z::a @ 55 (425 bytes)
Event: 7313.522 Thread 0x0000000019e93000 19147       2       com.android.tools.r8.u.b.p::a (289 bytes)
Event: 7313.530 Thread 0x0000000019e93000 nmethod 19147 0x00000000052287d0 code [0x0000000005228b00, 0x0000000005229938]
Event: 7313.698 Thread 0x0000000019e93000 19150       1       com.android.tools.r8.v.a.a.a.f.Z::a (4 bytes)
Event: 7313.699 Thread 0x0000000019e93000 nmethod 19150 0x0000000005f26610 code [0x0000000005f26760, 0x0000000005f26870]

GC Heap History (10 events):
Event: 7294.193 GC heap before
{Heap before GC invocations=40 (full 4):
 PSYoungGen      total 370688K, used 327657K [0x00000000d5580000, 0x00000000f2100000, 0x0000000100000000)
  eden space 323072K, 100% used [0x00000000d5580000,0x00000000e9100000,0x00000000e9100000)
  from space 47616K, 9% used [0x00000000e9100000,0x00000000e957a580,0x00000000ebf80000)
  to   space 46592K, 0% used [0x00000000ef380000,0x00000000ef380000,0x00000000f2100000)
 ParOldGen       total 202752K, used 93317K [0x0000000080000000, 0x000000008c600000, 0x00000000d5580000)
  object space 202752K, 46% used [0x0000000080000000,0x0000000085b21798,0x000000008c600000)
 Metaspace       used 98549K, capacity 102781K, committed 106536K, reserved 1140736K
  class space    used 12798K, capacity 13626K, committed 14400K, reserved 1048576K
Event: 7294.234 GC heap after
Heap after GC invocations=40 (full 4):
 PSYoungGen      total 424448K, used 10139K [0x00000000d5580000, 0x00000000f1f00000, 0x0000000100000000)
  eden space 379904K, 0% used [0x00000000d5580000,0x00000000d5580000,0x00000000ec880000)
  from space 44544K, 22% used [0x00000000ef380000,0x00000000efd66df8,0x00000000f1f00000)
  to   space 44032K, 0% used [0x00000000ec880000,0x00000000ec880000,0x00000000ef380000)
 ParOldGen       total 202752K, used 94729K [0x0000000080000000, 0x000000008c600000, 0x00000000d5580000)
  object space 202752K, 46% used [0x0000000080000000,0x0000000085c827b0,0x000000008c600000)
 Metaspace       used 98549K, capacity 102781K, committed 106536K, reserved 1140736K
  class space    used 12798K, capacity 13626K, committed 14400K, reserved 1048576K
}
Event: 7296.079 GC heap before
{Heap before GC invocations=41 (full 4):
 PSYoungGen      total 424448K, used 390043K [0x00000000d5580000, 0x00000000f1f00000, 0x0000000100000000)
  eden space 379904K, 100% used [0x00000000d5580000,0x00000000ec880000,0x00000000ec880000)
  from space 44544K, 22% used [0x00000000ef380000,0x00000000efd66df8,0x00000000f1f00000)
  to   space 44032K, 0% used [0x00000000ec880000,0x00000000ec880000,0x00000000ef380000)
 ParOldGen       total 202752K, used 94729K [0x0000000080000000, 0x000000008c600000, 0x00000000d5580000)
  object space 202752K, 46% used [0x0000000080000000,0x0000000085c827b0,0x000000008c600000)
 Metaspace       used 98587K, capacity 102789K, committed 106536K, reserved 1140736K
  class space    used 12798K, capacity 13626K, committed 14400K, reserved 1048576K
Event: 7296.157 GC heap after
Heap after GC invocations=41 (full 4):
 PSYoungGen      total 423936K, used 3186K [0x00000000d5580000, 0x00000000f5e80000, 0x0000000100000000)
  eden space 379904K, 0% used [0x00000000d5580000,0x00000000d5580000,0x00000000ec880000)
  from space 44032K, 7% used [0x00000000ec880000,0x00000000ecb9cbb0,0x00000000ef380000)
  to   space 43008K, 0% used [0x00000000f3480000,0x00000000f3480000,0x00000000f5e80000)
 ParOldGen       total 202752K, used 102050K [0x0000000080000000, 0x000000008c600000, 0x00000000d5580000)
  object space 202752K, 50% used [0x0000000080000000,0x00000000863a88d0,0x000000008c600000)
 Metaspace       used 98587K, capacity 102789K, committed 106536K, reserved 1140736K
  class space    used 12798K, capacity 13626K, committed 14400K, reserved 1048576K
}
Event: 7300.910 GC heap before
{Heap before GC invocations=42 (full 4):
 PSYoungGen      total 423936K, used 383090K [0x00000000d5580000, 0x00000000f5e80000, 0x0000000100000000)
  eden space 379904K, 100% used [0x00000000d5580000,0x00000000ec880000,0x00000000ec880000)
  from space 44032K, 7% used [0x00000000ec880000,0x00000000ecb9cbb0,0x00000000ef380000)
  to   space 43008K, 0% used [0x00000000f3480000,0x00000000f3480000,0x00000000f5e80000)
 ParOldGen       total 202752K, used 102050K [0x0000000080000000, 0x000000008c600000, 0x00000000d5580000)
  object space 202752K, 50% used [0x0000000080000000,0x00000000863a88d0,0x000000008c600000)
 Metaspace       used 98608K, capacity 102803K, committed 106536K, reserved 1140736K
  class space    used 12799K, capacity 13627K, committed 14400K, reserved 1048576K
Event: 7301.089 GC heap after
Heap after GC invocations=42 (full 4):
 PSYoungGen      total 488448K, used 2496K [0x00000000d5580000, 0x00000000f5c80000, 0x0000000100000000)
  eden space 447488K, 0% used [0x00000000d5580000,0x00000000d5580000,0x00000000f0a80000)
  from space 40960K, 6% used [0x00000000f3480000,0x00000000f36f0000,0x00000000f5c80000)
  to   space 41984K, 0% used [0x00000000f0a80000,0x00000000f0a80000,0x00000000f3380000)
 ParOldGen       total 202752K, used 103676K [0x0000000080000000, 0x000000008c600000, 0x00000000d5580000)
  object space 202752K, 51% used [0x0000000080000000,0x000000008653f180,0x000000008c600000)
 Metaspace       used 98608K, capacity 102803K, committed 106536K, reserved 1140736K
  class space    used 12799K, capacity 13627K, committed 14400K, reserved 1048576K
}
Event: 7304.788 GC heap before
{Heap before GC invocations=43 (full 4):
 PSYoungGen      total 488448K, used 449984K [0x00000000d5580000, 0x00000000f5c80000, 0x0000000100000000)
  eden space 447488K, 100% used [0x00000000d5580000,0x00000000f0a80000,0x00000000f0a80000)
  from space 40960K, 6% used [0x00000000f3480000,0x00000000f36f0000,0x00000000f5c80000)
  to   space 41984K, 0% used [0x00000000f0a80000,0x00000000f0a80000,0x00000000f3380000)
 ParOldGen       total 202752K, used 103676K [0x0000000080000000, 0x000000008c600000, 0x00000000d5580000)
  object space 202752K, 51% used [0x0000000080000000,0x000000008653f180,0x000000008c600000)
 Metaspace       used 98733K, capacity 102963K, committed 106536K, reserved 1140736K
  class space    used 12813K, capacity 13659K, committed 14400K, reserved 1048576K
Event: 7306.356 GC heap after
Heap after GC invocations=43 (full 4):
 PSYoungGen      total 489472K, used 12854K [0x00000000d5580000, 0x00000000fb780000, 0x0000000100000000)
  eden space 447488K, 0% used [0x00000000d5580000,0x00000000d5580000,0x00000000f0a80000)
  from space 41984K, 30% used [0x00000000f0a80000,0x00000000f170d8b0,0x00000000f3380000)
  to   space 38912K, 0% used [0x00000000f9180000,0x00000000f9180000,0x00000000fb780000)
 ParOldGen       total 202752K, used 105314K [0x0000000080000000, 0x000000008c600000, 0x00000000d5580000)
  object space 202752K, 51% used [0x0000000080000000,0x00000000866d89a8,0x000000008c600000)
 Metaspace       used 98733K, capacity 102963K, committed 106536K, reserved 1140736K
  class space    used 12813K, capacity 13659K, committed 14400K, reserved 1048576K
}
Event: 7311.385 GC heap before
{Heap before GC invocations=44 (full 4):
 PSYoungGen      total 489472K, used 460342K [0x00000000d5580000, 0x00000000fb780000, 0x0000000100000000)
  eden space 447488K, 100% used [0x00000000d5580000,0x00000000f0a80000,0x00000000f0a80000)
  from space 41984K, 30% used [0x00000000f0a80000,0x00000000f170d8b0,0x00000000f3380000)
  to   space 38912K, 0% used [0x00000000f9180000,0x00000000f9180000,0x00000000fb780000)
 ParOldGen       total 202752K, used 105314K [0x0000000080000000, 0x000000008c600000, 0x00000000d5580000)
  object space 202752K, 51% used [0x0000000080000000,0x00000000866d89a8,0x000000008c600000)
 Metaspace       used 98773K, capacity 102975K, committed 106536K, reserved 1140736K
  class space    used 12816K, capacity 13661K, committed 14400K, reserved 1048576K
Event: 7311.658 GC heap after
Heap after GC invocations=44 (full 4):
 PSYoungGen      total 580608K, used 1856K [0x00000000d5580000, 0x00000000fb480000, 0x0000000100000000)
  eden space 544768K, 0% used [0x00000000d5580000,0x00000000d5580000,0x00000000f6980000)
  from space 35840K, 5% used [0x00000000f9180000,0x00000000f9350000,0x00000000fb480000)
  to   space 38400K, 0% used [0x00000000f6980000,0x00000000f6980000,0x00000000f8f00000)
 ParOldGen       total 202752K, used 115185K [0x0000000080000000, 0x000000008c600000, 0x00000000d5580000)
  object space 202752K, 56% used [0x0000000080000000,0x000000008707c790,0x000000008c600000)
 Metaspace       used 98773K, capacity 102975K, committed 106536K, reserved 1140736K
  class space    used 12816K, capacity 13661K, committed 14400K, reserved 1048576K
}

Deoptimization events (10 events):
Event: 7303.505 Thread 0x000000001bbee800 Uncommon trap: reason=class_check action=maybe_recompile pc=0x00000000064350e0 method=com.android.tools.r8.ir.optimize.l.m(Lcom/android/tools/r8/u/b/W;)V @ 420
Event: 7304.556 Thread 0x000000001bbee800 Uncommon trap: reason=predicate action=maybe_recompile pc=0x000000000659607c method=com.android.tools.r8.ir.optimize.Z.a(Lcom/android/tools/r8/u/b/W;Lcom/android/tools/r8/ir/regalloc/e;I)V @ 330
Event: 7310.351 Thread 0x000000001bbee800 Uncommon trap: reason=unstable_if action=reinterpret pc=0x000000000512e964 method=com.android.tools.r8.u.b.m1.a(Lcom/android/tools/r8/graph/f;Lcom/android/tools/r8/u/b/W;Ljava/util/function/Predicate;Ljava/util/Set;)Z @ 229
Event: 7310.741 Thread 0x000000001bbee800 Uncommon trap: reason=unstable_if action=reinterpret pc=0x000000000574db34 method=com.android.tools.r8.u.b.h0.a(Lcom/android/tools/r8/u/b/h0;Lcom/android/tools/r8/ir/regalloc/e;)Z @ 604
Event: 7311.031 Thread 0x000000001bbee800 Uncommon trap: reason=unstable_if action=reinterpret pc=0x0000000005f7c1e8 method=com.android.tools.r8.ir.conversion.N.a(ILcom/android/tools/r8/graph/r;)V @ 65
Event: 7312.362 Thread 0x000000001bbee800 Uncommon trap: reason=class_check action=maybe_recompile pc=0x00000000064350e0 method=com.android.tools.r8.ir.optimize.l.m(Lcom/android/tools/r8/u/b/W;)V @ 420
Event: 7312.499 Thread 0x000000001bbee800 Uncommon trap: reason=unstable_if action=reinterpret pc=0x00000000065d1470 method=com.android.tools.r8.ir.optimize.Z.a(Lcom/android/tools/r8/u/b/W;Lcom/android/tools/r8/ir/regalloc/e;I)V @ 663
Event: 7313.299 Thread 0x000000001bb67000 Uncommon trap: reason=unstable_if action=reinterpret pc=0x0000000005ec6420 method=com.android.tools.r8.ir.optimize.Z.a(Lcom/android/tools/r8/u/b/n;Lcom/android/tools/r8/ir/regalloc/e;Ljava/util/Set;Lcom/android/tools/r8/ir/optimize/C;)V @ 202
Event: 7313.667 Thread 0x000000001bbee800 Uncommon trap: reason=class_check action=maybe_recompile pc=0x00000000064350e0 method=com.android.tools.r8.ir.optimize.l.m(Lcom/android/tools/r8/u/b/W;)V @ 420
Event: 7313.668 Thread 0x000000001bbee800 Uncommon trap: reason=class_check action=maybe_recompile pc=0x00000000063dfad8 method=com.android.tools.r8.ir.optimize.l.m(Lcom/android/tools/r8/u/b/W;)V @ 420

Classes redefined (0 events):
No events

Internal exceptions (10 events):
Event: 7295.984 Thread 0x0000000021e51000 Exception <a 'sun/nio/fs/WindowsException'> (0x00000000eae8ef40) thrown at [C:\src\AOSP-openjdk-git\hotspot\src\share\vm\prims\jni.cpp, line 710]
Event: 7300.230 Thread 0x0000000020dbf800 Exception <a 'sun/nio/fs/WindowsException'> (0x00000000ea4f9fd8) thrown at [C:\src\AOSP-openjdk-git\hotspot\src\share\vm\prims\jni.cpp, line 710]
Event: 7301.727 Thread 0x0000000021e50000 Exception <a 'sun/nio/fs/WindowsException'> (0x00000000d7d5b7e0) thrown at [C:\src\AOSP-openjdk-git\hotspot\src\share\vm\prims\jni.cpp, line 710]
Event: 7301.977 Thread 0x000000001bbf5000 Exception <a 'sun/nio/fs/WindowsException'> (0x00000000d8a6c818) thrown at [C:\src\AOSP-openjdk-git\hotspot\src\share\vm\prims\jni.cpp, line 710]
Event: 7301.992 Thread 0x000000001bb6d000 Exception <a 'sun/nio/fs/WindowsException'> (0x00000000d8c07f28) thrown at [C:\src\AOSP-openjdk-git\hotspot\src\share\vm\prims\jni.cpp, line 710]
Event: 7302.075 Thread 0x000000001bb67000 Exception <a 'sun/nio/fs/WindowsException'> (0x00000000d9744f38) thrown at [C:\src\AOSP-openjdk-git\hotspot\src\share\vm\prims\jni.cpp, line 710]
Event: 7302.261 Thread 0x000000001bbee800 Exception <a 'sun/nio/fs/WindowsException'> (0x00000000dac54968) thrown at [C:\src\AOSP-openjdk-git\hotspot\src\share\vm\prims\jni.cpp, line 710]
Event: 7302.953 Thread 0x000000001bbf5000 Exception <a 'sun/nio/fs/WindowsException'> (0x00000000e3b3cbf0) thrown at [C:\src\AOSP-openjdk-git\hotspot\src\share\vm\prims\jni.cpp, line 710]
Event: 7303.071 Thread 0x000000001bb6d000 Exception <a 'sun/nio/fs/WindowsException'> (0x00000000e56f9388) thrown at [C:\src\AOSP-openjdk-git\hotspot\src\share\vm\prims\jni.cpp, line 710]
Event: 7311.031 Thread 0x000000001bbee800 Implicit null exception at 0x0000000005f7be88 to 0x0000000005f7c1c5

Events (10 events):
Event: 7313.556 Thread 0x000000001bb67000 DEOPT PACKING pc=0x0000000003ea70f0 sp=0x0000000025cdaa50
Event: 7313.556 Thread 0x000000001bb67000 DEOPT UNPACKING pc=0x00000000030575d0 sp=0x0000000025cda898 mode 0
Event: 7313.572 Thread 0x000000001bb67000 DEOPT PACKING pc=0x000000000469d10c sp=0x0000000025cdab80
Event: 7313.572 Thread 0x000000001bb67000 DEOPT UNPACKING pc=0x00000000030575d0 sp=0x0000000025cda8a8 mode 0
Event: 7313.667 Thread 0x000000001bbee800 Uncommon trap: trap_request=0xffffffde fr.pc=0x00000000064350e0
Event: 7313.667 Thread 0x000000001bbee800 DEOPT PACKING pc=0x00000000064350e0 sp=0x0000000025ddab20
Event: 7313.667 Thread 0x000000001bbee800 DEOPT UNPACKING pc=0x000000000305557b sp=0x0000000025ddabc8 mode 2
Event: 7313.668 Thread 0x000000001bbee800 Uncommon trap: trap_request=0xffffffde fr.pc=0x00000000063dfad8
Event: 7313.668 Thread 0x000000001bbee800 DEOPT PACKING pc=0x00000000063dfad8 sp=0x0000000025ddab70
Event: 7313.668 Thread 0x000000001bbee800 DEOPT UNPACKING pc=0x000000000305557b sp=0x0000000025ddabc8 mode 2


Dynamic libraries:
0x00007ff6fd050000 - 0x00007ff6fd081000 	C:\Program Files\Android\Android Studio1\jre\bin\java.exe
0x00007ffa9a980000 - 0x00007ffa9ab70000 	C:\Windows\SYSTEM32\ntdll.dll
0x00007ffa99090000 - 0x00007ffa99142000 	C:\Windows\System32\KERNEL32.DLL
0x00007ffa97a50000 - 0x00007ffa97cf5000 	C:\Windows\System32\KERNELBASE.dll
0x00007ffa997c0000 - 0x00007ffa99863000 	C:\Windows\System32\ADVAPI32.dll
0x00007ffa99150000 - 0x00007ffa991ee000 	C:\Windows\System32\msvcrt.dll
0x00007ffa9a4b0000 - 0x00007ffa9a547000 	C:\Windows\System32\sechost.dll
0x00007ffa996a0000 - 0x00007ffa997c0000 	C:\Windows\System32\RPCRT4.dll
0x00007ffa99500000 - 0x00007ffa99694000 	C:\Windows\System32\USER32.dll
0x00007ffa97f10000 - 0x00007ffa97f31000 	C:\Windows\System32\win32u.dll
0x00007ffa9a570000 - 0x00007ffa9a596000 	C:\Windows\System32\GDI32.dll
0x00007ffa98720000 - 0x00007ffa988b6000 	C:\Windows\System32\gdi32full.dll
0x00007ffa97920000 - 0x00007ffa979be000 	C:\Windows\System32\msvcp_win.dll
0x00007ffa97e10000 - 0x00007ffa97f0a000 	C:\Windows\System32\ucrtbase.dll
0x00007ffa7edd0000 - 0x00007ffa7f054000 	C:\Windows\WinSxS\amd64_microsoft.windows.common-controls_6595b64144ccf1df_6.0.18362.1256_none_9e7e379be45e40e2\COMCTL32.dll
0x00007ffa98a30000 - 0x00007ffa98d66000 	C:\Windows\System32\combase.dll
0x00007ffa979c0000 - 0x00007ffa97a41000 	C:\Windows\System32\bcryptPrimitives.dll
0x00007ffa9a910000 - 0x00007ffa9a93e000 	C:\Windows\System32\IMM32.DLL
0x000000005f980000 - 0x000000005fa52000 	C:\Program Files\Android\Android Studio1\jre\jre\bin\msvcr100.dll
0x000000005e5a0000 - 0x000000005edeb000 	C:\Program Files\Android\Android Studio1\jre\jre\bin\server\jvm.dll
0x00007ffa98eb0000 - 0x00007ffa98eb8000 	C:\Windows\System32\PSAPI.DLL
0x00007ffa93f70000 - 0x00007ffa93f79000 	C:\Windows\SYSTEM32\WSOCK32.dll
0x00007ffa993e0000 - 0x00007ffa9944f000 	C:\Windows\System32\WS2_32.dll
0x00007ffa90770000 - 0x00007ffa90794000 	C:\Windows\SYSTEM32\WINMM.dll
0x00007ffa91c80000 - 0x00007ffa91c8a000 	C:\Windows\SYSTEM32\VERSION.dll
0x00007ffa90740000 - 0x00007ffa9076d000 	C:\Windows\SYSTEM32\winmmbase.dll
0x00007ffa986d0000 - 0x00007ffa9871a000 	C:\Windows\System32\cfgmgr32.dll
0x00007ffa935a0000 - 0x00007ffa935af000 	C:\Program Files\Android\Android Studio1\jre\jre\bin\verify.dll
0x00007ffa91b10000 - 0x00007ffa91b39000 	C:\Program Files\Android\Android Studio1\jre\jre\bin\java.dll
0x00007ffa91aa0000 - 0x00007ffa91ab6000 	C:\Program Files\Android\Android Studio1\jre\jre\bin\zip.dll
0x00007ffa99870000 - 0x00007ffa99f57000 	C:\Windows\System32\SHELL32.dll
0x00007ffa99450000 - 0x00007ffa994f9000 	C:\Windows\System32\shcore.dll
0x00007ffa97f40000 - 0x00007ffa986c1000 	C:\Windows\System32\windows.storage.dll
0x00007ffa978c0000 - 0x00007ffa978e3000 	C:\Windows\System32\profapi.dll
0x00007ffa97830000 - 0x00007ffa9787a000 	C:\Windows\System32\powrprof.dll
0x00007ffa97820000 - 0x00007ffa97830000 	C:\Windows\System32\UMPDC.dll
0x00007ffa98ec0000 - 0x00007ffa98f12000 	C:\Windows\System32\shlwapi.dll
0x00007ffa97880000 - 0x00007ffa97891000 	C:\Windows\System32\kernel.appcore.dll
0x00007ffa988c0000 - 0x00007ffa988d7000 	C:\Windows\System32\cryptsp.dll
0x00007ffa87200000 - 0x00007ffa8721a000 	C:\Program Files\Android\Android Studio1\jre\jre\bin\net.dll
0x00007ffa97070000 - 0x00007ffa970d7000 	C:\Windows\system32\mswsock.dll
0x00007ffa86a10000 - 0x00007ffa86a23000 	C:\Program Files\Android\Android Studio1\jre\jre\bin\nio.dll
0x00007ffa7c6c0000 - 0x00007ffa7c6e6000 	C:\Users\Tayba\.gradle\native\31\windows-amd64\native-platform.dll
0x00007ffa91b00000 - 0x00007ffa91b0d000 	C:\Program Files\Android\Android Studio1\jre\jre\bin\management.dll
0x00007ffa96be0000 - 0x00007ffa96c13000 	C:\Windows\system32\rsaenh.dll
0x00007ffa978f0000 - 0x00007ffa97916000 	C:\Windows\System32\bcrypt.dll
0x00007ffa97740000 - 0x00007ffa97765000 	C:\Windows\SYSTEM32\USERENV.dll
0x00007ffa97240000 - 0x00007ffa9724c000 	C:\Windows\SYSTEM32\CRYPTBASE.dll
0x00007ffa96d80000 - 0x00007ffa96dba000 	C:\Windows\SYSTEM32\IPHLPAPI.DLL
0x00007ffa99080000 - 0x00007ffa99088000 	C:\Windows\System32\NSI.dll
0x00007ffa903f0000 - 0x00007ffa90406000 	C:\Windows\SYSTEM32\dhcpcsvc6.DLL
0x00007ffa903d0000 - 0x00007ffa903ec000 	C:\Windows\SYSTEM32\dhcpcsvc.DLL
0x00007ffa96dd0000 - 0x00007ffa96e9b000 	C:\Windows\SYSTEM32\DNSAPI.dll

VM Arguments:
jvm_args: -Xmx2048m -Dfile.encoding=windows-1252 -Duser.country=US -Duser.language=en -Duser.variant 
java_command: org.gradle.launcher.daemon.bootstrap.GradleDaemon 6.1.1
java_class_path (initial): C:\Users\Tayba\.gradle\wrapper\dists\gradle-6.1.1-all\cfmwm155h49vnt3hynmlrsdst\gradle-6.1.1\lib\gradle-launcher-6.1.1.jar
Launcher Type: SUN_STANDARD

Environment Variables:
PATH=C:\Oracle\Middleware\Oracle_FRHome1\bin;F:\app\Tayba\product\11.2.0\dbhome_1\bin;C:\ProgramData\Oracle\Java\javapath;C:\Windows\system32;C:\Windows;C:\Windows\System32\Wbem;C:\Windows\System32\WindowsPowerShell\v1.0\;C:\Windows\System32\OpenSSH\;C:\Program Files\dotnet\;C:\Program Files\Microsoft SQL Server\110\Tools\Binn\;C:\Program Files (x86)\Microsoft SQL Server\110\Tools\Binn\;C:\Program Files\Microsoft SQL Server\110\DTS\Binn\;C:\Program Files (x86)\Microsoft SQL Server\110\Tools\Binn\ManagementStudio\;C:\Program Files (x86)\Microsoft SQL Server\110\DTS\Binn\;C:\Oracle\Middleware\Oracle_FRHome1\opmn\bin;C:\Oracle\Middleware\Oracle_FRHome1\opmn\lib;C:\Oracle\Middleware\Oracle_FRHome1\perl\bin;C:\Users\Tayba\AppData\Local\Microsoft\WindowsApps;C:\Users\Tayba\AppData\Local\GitHubDesktop\bin
USERNAME=Tayba
LD_LIBRARY_PATH=C:\Oracle\Middleware\Oracle_FRHome1\lib
OS=Windows_NT
PROCESSOR_IDENTIFIER=Intel64 Family 6 Model 142 Stepping 10, GenuineIntel



---------------  S Y S T E M  ---------------

OS: Windows 10.0 , 64 bit Build 18362 (10.0.18362.1110)

CPU:total 8 (initial active 8) (4 cores per cpu, 2 threads per core) family 6 model 142 stepping 10, cmov, cx8, fxsr, mmx, sse, sse2, sse3, ssse3, sse4.1, sse4.2, popcnt, avx, avx2, aes, clmul, erms, 3dnowpref, lzcnt, ht, tsc, tscinvbit, bmi1, bmi2, adx

Memory: 4k page, physical 8295652k(254624k free), swap 9831652k(2364k free)

vm_info: OpenJDK 64-Bit Server VM (25.242-b01) for windows-amd64 JRE (1.8.0_242-release-1644-b01), built by "builder" with MS VC++ 10.0 (VS2010)

time: Fri Jan 01 21:06:27 2021
timezone: Egypt Standard Time
elapsed time: 7314 seconds (0d 2h 1m 54s)

