#
# There is insufficient memory for the Java Runtime Environment to continue.
# Native memory allocation (malloc) failed to allocate 898016 bytes for Chunk::new
# Possible reasons:
#   The system is out of physical RAM or swap space
#   The process is running with CompressedOops enabled, and the Java Heap may be blocking the growth of the native heap
# Possible solutions:
#   Reduce memory load on the system
#   Increase physical memory or swap space
#   Check if swap backing store is full
#   Decrease Java heap size (-Xmx/-Xms)
#   Decrease number of Java threads
#   Decrease Java thread stack sizes (-Xss)
#   Set larger code cache with -XX:ReservedCodeCacheSize=
#   JVM is running with Unscaled Compressed Oops mode in which the Java heap is
#     placed in the first 4GB address space. The Java Heap base address is the
#     maximum limit for the native heap growth. Please use -XX:HeapBaseMinAddress
#     to set the Java Heap base and to place the Java Heap above 4GB virtual address.
# This output file may be truncated or incomplete.
#
#  Out of Memory Error (allocation.cpp:389), pid=16420, tid=0x0000000000000a90
#
# JRE version: OpenJDK Runtime Environment (8.0_242-b01) (build 1.8.0_242-release-1644-b01)
# Java VM: OpenJDK 64-Bit Server VM (25.242-b01 mixed mode windows-amd64 compressed oops)
# Failed to write core dump. Minidumps are not enabled by default on client versions of Windows
#

---------------  T H R E A D  ---------------

Current thread (0x0000000019c54000):  JavaThread "C2 CompilerThread1" daemon [_thread_in_native, id=2704, stack(0x000000001a620000,0x000000001a720000)]

Stack: [0x000000001a620000,0x000000001a720000]
[error occurred during error reporting (printing stack bounds), id 0xc0000005]

Native frames: (J=compiled Java code, j=interpreted, Vv=VM code, C=native code)


Current CompileTask:
C2: 625141 22020       4       com.sun.tools.javac.file.JavacFileManager::listArchive (131 bytes)


---------------  P R O C E S S  ---------------

Java Threads: ( => current thread )
  0x000000001ff60000 JavaThread "Cache worker for Java compile cache (F:\AndroidStudioProjects\CarShopping\.gradle\6.1.1\javaCompile)" [_thread_blocked, id=17928, stack(0x0000000027350000,0x0000000027450000)]
  0x000000001ff61000 JavaThread "Cache worker for execution history cache (F:\AndroidStudioProjects\CarShopping\.gradle\6.1.1\executionHistory)" [_thread_blocked, id=6488, stack(0x0000000027250000,0x0000000027350000)]
  0x000000001ff67800 JavaThread "Execution worker for ':' Thread 7" [_thread_blocked, id=3476, stack(0x0000000027150000,0x0000000027250000)]
  0x000000001ff67000 JavaThread "Execution worker for ':' Thread 6" [_thread_blocked, id=21288, stack(0x0000000026b50000,0x0000000026c50000)]
  0x000000001ff5f800 JavaThread "Execution worker for ':' Thread 5" [_thread_blocked, id=3532, stack(0x0000000026a50000,0x0000000026b50000)]
  0x000000001ff66000 JavaThread "Execution worker for ':' Thread 4" [_thread_blocked, id=15564, stack(0x0000000026950000,0x0000000026a50000)]
  0x000000001ff65800 JavaThread "Execution worker for ':' Thread 3" [_thread_blocked, id=13816, stack(0x0000000026850000,0x0000000026950000)]
  0x000000001ff64800 JavaThread "Execution worker for ':' Thread 2" [_thread_in_native, id=17988, stack(0x00000000264f0000,0x00000000265f0000)]
  0x000000001ff5e800 JavaThread "Execution worker for ':'" [_thread_blocked, id=21284, stack(0x0000000025ef0000,0x0000000025ff0000)]
  0x000000001ff63000 JavaThread "Cache worker for file content cache (F:\AndroidStudioProjects\CarShopping\.gradle\6.1.1\fileContent)" [_thread_blocked, id=15680, stack(0x0000000025b90000,0x0000000025c90000)]
  0x000000001ff5d000 JavaThread "Cache worker for Build Output Cleanup Cache (F:\AndroidStudioProjects\CarShopping\.gradle\buildOutputCleanup)" [_thread_blocked, id=19916, stack(0x0000000025890000,0x0000000025990000)]
  0x000000001ff5c800 JavaThread "Build operations Thread 8" [_thread_blocked, id=19128, stack(0x0000000024990000,0x0000000024a90000)]
  0x000000001ff62800 JavaThread "Build operations Thread 7" [_thread_blocked, id=18160, stack(0x0000000024890000,0x0000000024990000)]
  0x000000001ff5b800 JavaThread "Build operations Thread 6" [_thread_blocked, id=9620, stack(0x0000000024790000,0x0000000024890000)]
  0x000000001af54800 JavaThread "Build operations Thread 5" [_thread_blocked, id=16836, stack(0x0000000024690000,0x0000000024790000)]
  0x000000001af53000 JavaThread "Build operations Thread 4" [_thread_blocked, id=3596, stack(0x0000000024590000,0x0000000024690000)]
  0x000000001af52000 JavaThread "Build operations Thread 3" [_thread_blocked, id=2228, stack(0x0000000024280000,0x0000000024380000)]
  0x000000001af50000 JavaThread "Build operations Thread 2" [_thread_blocked, id=4248, stack(0x0000000024180000,0x0000000024280000)]
  0x000000001af4d000 JavaThread "Build operations" [_thread_blocked, id=12524, stack(0x0000000024080000,0x0000000024180000)]
  0x000000001af4e800 JavaThread "Cache worker for cache directory md-rule (C:\Users\Tayba\.gradle\caches\6.1.1\md-rule)" [_thread_blocked, id=2652, stack(0x0000000022990000,0x0000000022a90000)]
  0x000000001af4d800 JavaThread "Cache worker for cache directory md-supplier (C:\Users\Tayba\.gradle\caches\6.1.1\md-supplier)" [_thread_blocked, id=12404, stack(0x0000000020ee0000,0x0000000020fe0000)]
  0x000000001af50800 JavaThread "Cache worker for file hash cache (F:\AndroidStudioProjects\CarShopping\.gradle\6.1.1\fileHashes)" [_thread_blocked, id=18852, stack(0x0000000020be0000,0x0000000020ce0000)]
  0x000000001af45000 JavaThread "Cache worker for checksums cache (F:\AndroidStudioProjects\CarShopping\.gradle\checksums)" [_thread_blocked, id=12484, stack(0x000000001e440000,0x000000001e540000)]
  0x000000001af4c000 JavaThread "Thread-115" [_thread_blocked, id=16752, stack(0x000000001e140000,0x000000001e240000)]
  0x000000001af49000 JavaThread "Stdin handler" [_thread_blocked, id=10468, stack(0x000000001e040000,0x000000001e140000)]
  0x000000001af46800 JavaThread "Asynchronous log dispatcher for DefaultDaemonConnection: socket connection from /127.0.0.1:54970 to /127.0.0.1:55416" [_thread_blocked, id=7008, stack(0x000000001dd40000,0x000000001de40000)]
  0x000000001af4b000 JavaThread "Daemon worker Thread 3" [_thread_blocked, id=7584, stack(0x000000001dc40000,0x000000001dd40000)]
  0x000000001af46000 JavaThread "Cancel handler" [_thread_blocked, id=17684, stack(0x00000000011a0000,0x00000000012a0000)]
  0x000000001af49800 JavaThread "Handler for socket connection from /127.0.0.1:54970 to /127.0.0.1:55416" [_thread_in_native, id=12360, stack(0x00000000010a0000,0x00000000011a0000)]
  0x000000001af48000 JavaThread "Daemon Thread 3" [_thread_blocked, id=18152, stack(0x0000000000fa0000,0x00000000010a0000)]
  0x0000000023450000 JavaThread "Cache worker for Java compile cache (C:\Users\Tayba\.gradle\caches\6.1.1\javaCompile)" [_thread_blocked, id=14328, stack(0x0000000026e50000,0x0000000026f50000)]
  0x000000002344a800 JavaThread "MarlinRenderer Disposer" daemon [_thread_blocked, id=21272, stack(0x0000000027e50000,0x0000000027f50000)]
  0x000000001af53800 JavaThread "Java2D Disposer" daemon [_thread_blocked, id=4640, stack(0x0000000027b50000,0x0000000027c50000)]
  0x000000001b8fb800 JavaThread "Cache worker for file content cache (C:\Users\Tayba\.gradle\caches\6.1.1\fileContent)" [_thread_blocked, id=7900, stack(0x0000000025a90000,0x0000000025b90000)]
  0x000000001b900800 JavaThread "Memory manager" [_thread_blocked, id=19072, stack(0x0000000025990000,0x0000000025a90000)]
  0x000000001b8fd800 JavaThread "Cache worker for execution history cache (C:\Users\Tayba\.gradle\caches\6.1.1\executionHistory)" [_thread_blocked, id=15808, stack(0x0000000022200000,0x0000000022300000)]
  0x000000001b8fe800 JavaThread "Cache worker for file hash cache (C:\Users\Tayba\.gradle\caches\6.1.1\fileHashes)" [_thread_blocked, id=13104, stack(0x000000001e940000,0x000000001ea40000)]
  0x000000001b8fd000 JavaThread "File lock request listener" [_thread_in_native, id=3636, stack(0x000000001e840000,0x000000001e940000)]
  0x000000001b55d000 JavaThread "Cache worker for journal cache (C:\Users\Tayba\.gradle\caches\journal-1)" [_thread_blocked, id=19000, stack(0x000000001e740000,0x000000001e840000)]
  0x000000001c681000 JavaThread "Daemon periodic checks" [_thread_blocked, id=12376, stack(0x000000001db40000,0x000000001dc40000)]
  0x000000001c68d800 JavaThread "Incoming local TCP Connector on port 54970" [_thread_in_native, id=17964, stack(0x000000001d900000,0x000000001da00000)]
  0x000000001abfc000 JavaThread "Daemon health stats" [_thread_blocked, id=2056, stack(0x000000001d2c0000,0x000000001d3c0000)]
  0x0000000019ce6800 JavaThread "Service Thread" daemon [_thread_blocked, id=17396, stack(0x000000001a920000,0x000000001aa20000)]
  0x0000000019c61800 JavaThread "C1 CompilerThread3" daemon [_thread_blocked, id=14228, stack(0x000000001a820000,0x000000001a920000)]
  0x0000000019c58000 JavaThread "C2 CompilerThread2" daemon [_thread_in_native, id=7496, stack(0x000000001a720000,0x000000001a820000)]
=>0x0000000019c54000 JavaThread "C2 CompilerThread1" daemon [_thread_in_native, id=2704, stack(0x000000001a620000,0x000000001a720000)]
  0x0000000019c50800 JavaThread "C2 CompilerThread0" daemon [_thread_in_vm, id=8828, stack(0x000000001a520000,0x000000001a620000)]
  0x0000000019c4f800 JavaThread "Attach Listener" daemon [_thread_blocked, id=16296, stack(0x000000001a420000,0x000000001a520000)]
  0x0000000019c4e000 JavaThread "Signal Dispatcher" daemon [_thread_blocked, id=16372, stack(0x000000001a320000,0x000000001a420000)]
  0x0000000019c41000 JavaThread "Finalizer" daemon [_thread_blocked, id=2400, stack(0x000000001a120000,0x000000001a220000)]
  0x0000000002dd7800 JavaThread "Reference Handler" daemon [_thread_blocked, id=17496, stack(0x000000001a020000,0x000000001a120000)]
  0x000000000137e800 JavaThread "main" [_thread_blocked, id=16800, stack(0x0000000002b60000,0x0000000002c60000)]

Other Threads:
  0x0000000017e46800 VMThread [stack: 0x0000000019b20000,0x0000000019c20000] [id=19528]
  0x0000000019ce7800 WatcherThread [stack: 0x000000001aa20000,0x000000001ab20000] [id=1036]

VM state:not at safepoint (normal execution)

VM Mutex/Monitor currently owned by a thread: None

heap address: 0x0000000080000000, size: 2048 MB, Compressed Oops mode: 32-bit
Narrow klass base: 0x0000000000000000, Narrow klass shift: 3
Compressed class space size: 1073741824 Address: 0x0000000100000000

Heap:
 PSYoungGen      total 469504K, used 278437K [0x00000000d5580000, 0x00000000fb400000, 0x0000000100000000)
  eden space 400384K, 53% used [0x00000000d5580000,0x00000000e2598528,0x00000000edc80000)
  from space 69120K, 94% used [0x00000000edc80000,0x00000000f1c50f10,0x00000000f2000000)
  to   space 79360K, 0% used [0x00000000f6680000,0x00000000f6680000,0x00000000fb400000)
 ParOldGen       total 212992K, used 131277K [0x0000000080000000, 0x000000008d000000, 0x00000000d5580000)
  object space 212992K, 61% used [0x0000000080000000,0x0000000088033780,0x000000008d000000)
 Metaspace       used 97604K, capacity 102293K, committed 103372K, reserved 1138688K
  class space    used 12539K, capacity 13472K, committed 13824K, reserved 1048576K

Card table byte_map: [0x00000000121a0000,0x00000000125b0000] byte_map_base: 0x0000000011da0000

Marking Bits: (ParMarkBitMap*) 0x000000005ed6f030
 Begin Bits: [0x0000000013060000, 0x0000000015060000)
 End Bits:   [0x0000000015060000, 0x0000000017060000)

Polling page: 0x00000000009f0000

CodeCache: size=245760Kb used=61005Kb max_used=61014Kb free=184754Kb
 bounds [0x0000000002de0000, 0x00000000069d0000, 0x0000000011de0000]
 total_blobs=18755 nmethods=17757 adapters=907
 compilation: enabled

Compilation events (10 events):
Event: 625.102 Thread 0x0000000019c61800 22125       2       java.util.EnumMap$EntryIterator$Entry::getValue (30 bytes)
Event: 625.103 Thread 0x0000000019c61800 nmethod 22125 0x00000000069a3050 code [0x00000000069a31c0, 0x00000000069a3428]
Event: 625.104 Thread 0x0000000019c61800 22126   !   2       com.sun.tools.javac.comp.Infer::checkWithinBounds (286 bytes)
Event: 625.107 Thread 0x0000000019c61800 nmethod 22126 0x00000000069b25d0 code [0x00000000069b2880, 0x00000000069b3258]
Event: 625.107 Thread 0x0000000019c61800 22127       2       com.sun.tools.javac.comp.Attr::isStaticReference (37 bytes)
Event: 625.108 Thread 0x0000000019c61800 nmethod 22127 0x00000000069a2b10 code [0x00000000069a2c80, 0x00000000069a2eb8]
Event: 625.108 Thread 0x0000000019c61800 22128       2       com.sun.tools.javac.util.List::intersect (54 bytes)
Event: 625.109 Thread 0x0000000019c61800 nmethod 22128 0x00000000069a2410 code [0x00000000069a25a0, 0x00000000069a2938]
Event: 625.115 Thread 0x0000000019c61800 22129       2       com.sun.tools.javac.code.Types::newInstances (52 bytes)
Event: 625.116 Thread 0x0000000019c61800 nmethod 22129 0x00000000069b3d10 code [0x00000000069b3ea0, 0x00000000069b4288]

GC Heap History (10 events):
Event: 201.748 GC heap before
{Heap before GC invocations=25 (full 3):
 PSYoungGen      total 336896K, used 322117K [0x00000000d5580000, 0x00000000ef980000, 0x0000000100000000)
  eden space 299520K, 100% used [0x00000000d5580000,0x00000000e7a00000,0x00000000e7a00000)
  from space 37376K, 60% used [0x00000000e7a00000,0x00000000e9011600,0x00000000e9e80000)
  to   space 37376K, 0% used [0x00000000ed500000,0x00000000ed500000,0x00000000ef980000)
 ParOldGen       total 128512K, used 61815K [0x0000000080000000, 0x0000000087d80000, 0x00000000d5580000)
  object space 128512K, 48% used [0x0000000080000000,0x0000000083c5dcb8,0x0000000087d80000)
 Metaspace       used 92164K, capacity 97543K, committed 97752K, reserved 1134592K
  class space    used 12043K, capacity 13039K, committed 13056K, reserved 1048576K
Event: 201.780 GC heap after
Heap after GC invocations=25 (full 3):
 PSYoungGen      total 392192K, used 22593K [0x00000000d5580000, 0x00000000efe80000, 0x0000000100000000)
  eden space 354816K, 0% used [0x00000000d5580000,0x00000000d5580000,0x00000000eb000000)
  from space 37376K, 60% used [0x00000000ed500000,0x00000000eeb10708,0x00000000ef980000)
  to   space 37888K, 0% used [0x00000000eb000000,0x00000000eb000000,0x00000000ed500000)
 ParOldGen       total 128512K, used 61823K [0x0000000080000000, 0x0000000087d80000, 0x00000000d5580000)
  object space 128512K, 48% used [0x0000000080000000,0x0000000083c5fcb8,0x0000000087d80000)
 Metaspace       used 92164K, capacity 97543K, committed 97752K, reserved 1134592K
  class space    used 12043K, capacity 13039K, committed 13056K, reserved 1048576K
}
Event: 204.109 GC heap before
{Heap before GC invocations=26 (full 3):
 PSYoungGen      total 392192K, used 352646K [0x00000000d5580000, 0x00000000efe80000, 0x0000000100000000)
  eden space 354816K, 93% used [0x00000000d5580000,0x00000000e97d1358,0x00000000eb000000)
  from space 37376K, 60% used [0x00000000ed500000,0x00000000eeb10708,0x00000000ef980000)
  to   space 37888K, 0% used [0x00000000eb000000,0x00000000eb000000,0x00000000ed500000)
 ParOldGen       total 128512K, used 61823K [0x0000000080000000, 0x0000000087d80000, 0x00000000d5580000)
  object space 128512K, 48% used [0x0000000080000000,0x0000000083c5fcb8,0x0000000087d80000)
 Metaspace       used 92912K, capacity 98341K, committed 98380K, reserved 1134592K
  class space    used 12135K, capacity 13152K, committed 13184K, reserved 1048576K
Event: 204.164 GC heap after
Heap after GC invocations=26 (full 3):
 PSYoungGen      total 392704K, used 37872K [0x00000000d5580000, 0x00000000f4c00000, 0x0000000100000000)
  eden space 354816K, 0% used [0x00000000d5580000,0x00000000d5580000,0x00000000eb000000)
  from space 37888K, 99% used [0x00000000eb000000,0x00000000ed4fc250,0x00000000ed500000)
  to   space 45056K, 0% used [0x00000000f2000000,0x00000000f2000000,0x00000000f4c00000)
 ParOldGen       total 128512K, used 66137K [0x0000000080000000, 0x0000000087d80000, 0x00000000d5580000)
  object space 128512K, 51% used [0x0000000080000000,0x00000000840965f0,0x0000000087d80000)
 Metaspace       used 92912K, capacity 98341K, committed 98380K, reserved 1134592K
  class space    used 12135K, capacity 13152K, committed 13184K, reserved 1048576K
}
Event: 204.164 GC heap before
{Heap before GC invocations=27 (full 4):
 PSYoungGen      total 392704K, used 37872K [0x00000000d5580000, 0x00000000f4c00000, 0x0000000100000000)
  eden space 354816K, 0% used [0x00000000d5580000,0x00000000d5580000,0x00000000eb000000)
  from space 37888K, 99% used [0x00000000eb000000,0x00000000ed4fc250,0x00000000ed500000)
  to   space 45056K, 0% used [0x00000000f2000000,0x00000000f2000000,0x00000000f4c00000)
 ParOldGen       total 128512K, used 66137K [0x0000000080000000, 0x0000000087d80000, 0x00000000d5580000)
  object space 128512K, 51% used [0x0000000080000000,0x00000000840965f0,0x0000000087d80000)
 Metaspace       used 92912K, capacity 98341K, committed 98380K, reserved 1134592K
  class space    used 12135K, capacity 13152K, committed 13184K, reserved 1048576K
Event: 204.568 GC heap after
Heap after GC invocations=27 (full 4):
 PSYoungGen      total 392704K, used 0K [0x00000000d5580000, 0x00000000f4c00000, 0x0000000100000000)
  eden space 354816K, 0% used [0x00000000d5580000,0x00000000d5580000,0x00000000eb000000)
  from space 37888K, 0% used [0x00000000eb000000,0x00000000eb000000,0x00000000ed500000)
  to   space 45056K, 0% used [0x00000000f2000000,0x00000000f2000000,0x00000000f4c00000)
 ParOldGen       total 212992K, used 84291K [0x0000000080000000, 0x000000008d000000, 0x00000000d5580000)
  object space 212992K, 39% used [0x0000000080000000,0x0000000085250e88,0x000000008d000000)
 Metaspace       used 92059K, capacity 95983K, committed 98380K, reserved 1134592K
  class space    used 11848K, capacity 12647K, committed 13184K, reserved 1048576K
}
Event: 208.036 GC heap before
{Heap before GC invocations=28 (full 4):
 PSYoungGen      total 392704K, used 354816K [0x00000000d5580000, 0x00000000f4c00000, 0x0000000100000000)
  eden space 354816K, 100% used [0x00000000d5580000,0x00000000eb000000,0x00000000eb000000)
  from space 37888K, 0% used [0x00000000eb000000,0x00000000eb000000,0x00000000ed500000)
  to   space 45056K, 0% used [0x00000000f2000000,0x00000000f2000000,0x00000000f4c00000)
 ParOldGen       total 212992K, used 84291K [0x0000000080000000, 0x000000008d000000, 0x00000000d5580000)
  object space 212992K, 39% used [0x0000000080000000,0x0000000085250e88,0x000000008d000000)
 Metaspace       used 92344K, capacity 96333K, committed 98892K, reserved 1134592K
  class space    used 11852K, capacity 12648K, committed 13184K, reserved 1048576K
Event: 208.202 GC heap after
Heap after GC invocations=28 (full 4):
 PSYoungGen      total 445440K, used 45045K [0x00000000d5580000, 0x00000000f8800000, 0x0000000100000000)
  eden space 400384K, 0% used [0x00000000d5580000,0x00000000d5580000,0x00000000edc80000)
  from space 45056K, 99% used [0x00000000f2000000,0x00000000f4bfd498,0x00000000f4c00000)
  to   space 69120K, 0% used [0x00000000edc80000,0x00000000edc80000,0x00000000f2000000)
 ParOldGen       total 212992K, used 131269K [0x0000000080000000, 0x000000008d000000, 0x00000000d5580000)
  object space 212992K, 61% used [0x0000000080000000,0x0000000088031780,0x000000008d000000)
 Metaspace       used 92344K, capacity 96333K, committed 98892K, reserved 1134592K
  class space    used 11852K, capacity 12648K, committed 13184K, reserved 1048576K
}
Event: 257.871 GC heap before
{Heap before GC invocations=29 (full 4):
 PSYoungGen      total 445440K, used 445429K [0x00000000d5580000, 0x00000000f8800000, 0x0000000100000000)
  eden space 400384K, 100% used [0x00000000d5580000,0x00000000edc80000,0x00000000edc80000)
  from space 45056K, 99% used [0x00000000f2000000,0x00000000f4bfd498,0x00000000f4c00000)
  to   space 69120K, 0% used [0x00000000edc80000,0x00000000edc80000,0x00000000f2000000)
 ParOldGen       total 212992K, used 131269K [0x0000000080000000, 0x000000008d000000, 0x00000000d5580000)
  object space 212992K, 61% used [0x0000000080000000,0x0000000088031780,0x000000008d000000)
 Metaspace       used 94516K, capacity 98813K, committed 100684K, reserved 1136640K
  class space    used 12079K, capacity 12950K, committed 13440K, reserved 1048576K
Event: 257.968 GC heap after
Heap after GC invocations=29 (full 4):
 PSYoungGen      total 469504K, used 65347K [0x00000000d5580000, 0x00000000fb400000, 0x0000000100000000)
  eden space 400384K, 0% used [0x00000000d5580000,0x00000000d5580000,0x00000000edc80000)
  from space 69120K, 94% used [0x00000000edc80000,0x00000000f1c50f10,0x00000000f2000000)
  to   space 79360K, 0% used [0x00000000f6680000,0x00000000f6680000,0x00000000fb400000)
 ParOldGen       total 212992K, used 131277K [0x0000000080000000, 0x000000008d000000, 0x00000000d5580000)
  object space 212992K, 61% used [0x0000000080000000,0x0000000088033780,0x000000008d000000)
 Metaspace       used 94516K, capacity 98813K, committed 100684K, reserved 1136640K
  class space    used 12079K, capacity 12950K, committed 13440K, reserved 1048576K
}

Deoptimization events (10 events):
Event: 624.181 Thread 0x000000001ff64800 Uncommon trap: reason=speculate_class_check action=maybe_recompile pc=0x00000000049d95e8 method=com.sun.tools.javac.file.JavacFileManager.inferBinaryName(Ljavax/tools/JavaFileManager$Location;Ljavax/tools/JavaFileObject;)Ljava/lang/String; @ 23
Event: 624.181 Thread 0x000000001ff64800 Uncommon trap: reason=speculate_class_check action=maybe_recompile pc=0x00000000049d95e8 method=com.sun.tools.javac.file.JavacFileManager.inferBinaryName(Ljavax/tools/JavaFileManager$Location;Ljavax/tools/JavaFileObject;)Ljava/lang/String; @ 23
Event: 624.182 Thread 0x000000001ff64800 Uncommon trap: reason=speculate_class_check action=maybe_recompile pc=0x00000000049d95e8 method=com.sun.tools.javac.file.JavacFileManager.inferBinaryName(Ljavax/tools/JavaFileManager$Location;Ljavax/tools/JavaFileObject;)Ljava/lang/String; @ 23
Event: 624.182 Thread 0x000000001ff64800 Uncommon trap: reason=speculate_class_check action=maybe_recompile pc=0x00000000049d95e8 method=com.sun.tools.javac.file.JavacFileManager.inferBinaryName(Ljavax/tools/JavaFileManager$Location;Ljavax/tools/JavaFileObject;)Ljava/lang/String; @ 23
Event: 624.830 Thread 0x000000001ff64800 Uncommon trap: reason=unstable_if action=reinterpret pc=0x0000000004eef640 method=com.sun.tools.javac.code.Types.rank(Lcom/sun/tools/javac/code/Type;)I @ 88
Event: 624.830 Thread 0x000000001ff64800 Uncommon trap: reason=unstable_if action=reinterpret pc=0x0000000004c0ae60 method=com.sun.tools.javac.code.Types.rank(Lcom/sun/tools/javac/code/Type;)I @ 88
Event: 624.983 Thread 0x000000001ff64800 Uncommon trap: reason=class_check action=maybe_recompile pc=0x0000000005141280 method=com.sun.tools.javac.code.Types.asOuterSuper(Lcom/sun/tools/javac/code/Type;Lcom/sun/tools/javac/code/Symbol;)Lcom/sun/tools/javac/code/Type; @ 4
Event: 624.983 Thread 0x000000001ff64800 Uncommon trap: reason=class_check action=maybe_recompile pc=0x0000000005141280 method=com.sun.tools.javac.code.Types.asOuterSuper(Lcom/sun/tools/javac/code/Type;Lcom/sun/tools/javac/code/Symbol;)Lcom/sun/tools/javac/code/Type; @ 4
Event: 624.984 Thread 0x000000001ff64800 Uncommon trap: reason=class_check action=maybe_recompile pc=0x0000000005141280 method=com.sun.tools.javac.code.Types.asOuterSuper(Lcom/sun/tools/javac/code/Type;Lcom/sun/tools/javac/code/Symbol;)Lcom/sun/tools/javac/code/Type; @ 4
Event: 624.984 Thread 0x000000001ff64800 Uncommon trap: reason=class_check action=maybe_recompile pc=0x0000000005141280 method=com.sun.tools.javac.code.Types.asOuterSuper(Lcom/sun/tools/javac/code/Type;Lcom/sun/tools/javac/code/Symbol;)Lcom/sun/tools/javac/code/Type; @ 4

Classes redefined (0 events):
No events

Internal exceptions (10 events):
Event: 621.788 Thread 0x000000001ff64800 Exception <a 'sun/nio/fs/WindowsException'> (0x00000000dfd34920) thrown at [C:\src\AOSP-openjdk-git\hotspot\src\share\vm\prims\jni.cpp, line 710]
Event: 621.789 Thread 0x000000001ff64800 Exception <a 'sun/nio/fs/WindowsException'> (0x00000000dfd35560) thrown at [C:\src\AOSP-openjdk-git\hotspot\src\share\vm\prims\jni.cpp, line 710]
Event: 621.789 Thread 0x000000001ff64800 Exception <a 'sun/nio/fs/WindowsException'> (0x00000000dfd36240) thrown at [C:\src\AOSP-openjdk-git\hotspot\src\share\vm\prims\jni.cpp, line 710]
Event: 621.796 Thread 0x000000001ff64800 Exception <a 'sun/nio/fs/WindowsException'> (0x00000000dfd6b078) thrown at [C:\src\AOSP-openjdk-git\hotspot\src\share\vm\prims\jni.cpp, line 710]
Event: 621.796 Thread 0x000000001ff64800 Exception <a 'sun/nio/fs/WindowsException'> (0x00000000dfd6bd00) thrown at [C:\src\AOSP-openjdk-git\hotspot\src\share\vm\prims\jni.cpp, line 710]
Event: 621.797 Thread 0x000000001ff64800 Exception <a 'sun/nio/fs/WindowsException'> (0x00000000dfd6ca28) thrown at [C:\src\AOSP-openjdk-git\hotspot\src\share\vm\prims\jni.cpp, line 710]
Event: 621.797 Thread 0x000000001ff64800 Exception <a 'sun/nio/fs/WindowsException'> (0x00000000dfd6e7c8) thrown at [C:\src\AOSP-openjdk-git\hotspot\src\share\vm\prims\jni.cpp, line 710]
Event: 621.797 Thread 0x000000001ff64800 Exception <a 'sun/nio/fs/WindowsException'> (0x00000000dfd6f460) thrown at [C:\src\AOSP-openjdk-git\hotspot\src\share\vm\prims\jni.cpp, line 710]
Event: 621.797 Thread 0x000000001ff64800 Exception <a 'sun/nio/fs/WindowsException'> (0x00000000dfd70198) thrown at [C:\src\AOSP-openjdk-git\hotspot\src\share\vm\prims\jni.cpp, line 710]
Event: 621.846 Thread 0x000000001ff64800 Exception <a 'java/lang/NoSuchMethodError': java.lang.Object.lambda$comparingByKey$bbdbfea9$1(Ljava/util/Map$Entry;Ljava/util/Map$Entry;)I> (0x00000000dfdf7f18) thrown at [C:\src\AOSP-openjdk-git\hotspot\src\share\vm\interpreter\linkResolver.cpp, line 620

Events (10 events):
Event: 624.983 Thread 0x000000001ff64800 DEOPT UNPACKING pc=0x0000000002e2557b sp=0x00000000265e8230 mode 2
Event: 624.983 Thread 0x000000001ff64800 Uncommon trap: trap_request=0xffffffde fr.pc=0x0000000005141280
Event: 624.983 Thread 0x000000001ff64800 DEOPT PACKING pc=0x0000000005141280 sp=0x00000000265e8350
Event: 624.983 Thread 0x000000001ff64800 DEOPT UNPACKING pc=0x0000000002e2557b sp=0x00000000265e8230 mode 2
Event: 624.984 Thread 0x000000001ff64800 Uncommon trap: trap_request=0xffffffde fr.pc=0x0000000005141280
Event: 624.984 Thread 0x000000001ff64800 DEOPT PACKING pc=0x0000000005141280 sp=0x00000000265e8350
Event: 624.984 Thread 0x000000001ff64800 DEOPT UNPACKING pc=0x0000000002e2557b sp=0x00000000265e8230 mode 2
Event: 624.984 Thread 0x000000001ff64800 Uncommon trap: trap_request=0xffffffde fr.pc=0x0000000005141280
Event: 624.984 Thread 0x000000001ff64800 DEOPT PACKING pc=0x0000000005141280 sp=0x00000000265e8350
Event: 624.984 Thread 0x000000001ff64800 DEOPT UNPACKING pc=0x0000000002e2557b sp=0x00000000265e8230 mode 2


Dynamic libraries:
0x00007ff6a2620000 - 0x00007ff6a2651000 	C:\Program Files\Android\Android Studio1\jre\bin\java.exe
0x00007ffa9a980000 - 0x00007ffa9ab70000 	C:\Windows\SYSTEM32\ntdll.dll
0x00007ffa99090000 - 0x00007ffa99142000 	C:\Windows\System32\KERNEL32.DLL
0x00007ffa97a50000 - 0x00007ffa97cf5000 	C:\Windows\System32\KERNELBASE.dll
0x00007ffa997c0000 - 0x00007ffa99863000 	C:\Windows\System32\ADVAPI32.dll
0x00007ffa99150000 - 0x00007ffa991ee000 	C:\Windows\System32\msvcrt.dll
0x00007ffa9a4b0000 - 0x00007ffa9a547000 	C:\Windows\System32\sechost.dll
0x00007ffa996a0000 - 0x00007ffa997c0000 	C:\Windows\System32\RPCRT4.dll
0x00007ffa99500000 - 0x00007ffa99694000 	C:\Windows\System32\USER32.dll
0x00007ffa97f10000 - 0x00007ffa97f31000 	C:\Windows\System32\win32u.dll
0x00007ffa9a570000 - 0x00007ffa9a596000 	C:\Windows\System32\GDI32.dll
0x00007ffa98720000 - 0x00007ffa988b6000 	C:\Windows\System32\gdi32full.dll
0x00007ffa97920000 - 0x00007ffa979be000 	C:\Windows\System32\msvcp_win.dll
0x00007ffa97e10000 - 0x00007ffa97f0a000 	C:\Windows\System32\ucrtbase.dll
0x00007ffa7edd0000 - 0x00007ffa7f054000 	C:\Windows\WinSxS\amd64_microsoft.windows.common-controls_6595b64144ccf1df_6.0.18362.1256_none_9e7e379be45e40e2\COMCTL32.dll
0x00007ffa98a30000 - 0x00007ffa98d66000 	C:\Windows\System32\combase.dll
0x00007ffa979c0000 - 0x00007ffa97a41000 	C:\Windows\System32\bcryptPrimitives.dll
0x00007ffa9a910000 - 0x00007ffa9a93e000 	C:\Windows\System32\IMM32.DLL
0x000000005fb90000 - 0x000000005fc62000 	C:\Program Files\Android\Android Studio1\jre\jre\bin\msvcr100.dll
0x000000005e5a0000 - 0x000000005edeb000 	C:\Program Files\Android\Android Studio1\jre\jre\bin\server\jvm.dll
0x00007ffa98eb0000 - 0x00007ffa98eb8000 	C:\Windows\System32\PSAPI.DLL
0x00007ffa935a0000 - 0x00007ffa935a9000 	C:\Windows\SYSTEM32\WSOCK32.dll
0x00007ffa90770000 - 0x00007ffa90794000 	C:\Windows\SYSTEM32\WINMM.dll
0x00007ffa993e0000 - 0x00007ffa9944f000 	C:\Windows\System32\WS2_32.dll
0x00007ffa91c80000 - 0x00007ffa91c8a000 	C:\Windows\SYSTEM32\VERSION.dll
0x00007ffa90740000 - 0x00007ffa9076d000 	C:\Windows\SYSTEM32\winmmbase.dll
0x00007ffa986d0000 - 0x00007ffa9871a000 	C:\Windows\System32\cfgmgr32.dll
0x00007ffa8fd60000 - 0x00007ffa8fd6f000 	C:\Program Files\Android\Android Studio1\jre\jre\bin\verify.dll
0x00007ffa871f0000 - 0x00007ffa87219000 	C:\Program Files\Android\Android Studio1\jre\jre\bin\java.dll
0x00007ffa86a10000 - 0x00007ffa86a26000 	C:\Program Files\Android\Android Studio1\jre\jre\bin\zip.dll
0x00007ffa99870000 - 0x00007ffa99f57000 	C:\Windows\System32\SHELL32.dll
0x00007ffa99450000 - 0x00007ffa994f9000 	C:\Windows\System32\shcore.dll
0x00007ffa97f40000 - 0x00007ffa986c1000 	C:\Windows\System32\windows.storage.dll
0x00007ffa978c0000 - 0x00007ffa978e3000 	C:\Windows\System32\profapi.dll
0x00007ffa97830000 - 0x00007ffa9787a000 	C:\Windows\System32\powrprof.dll
0x00007ffa97820000 - 0x00007ffa97830000 	C:\Windows\System32\UMPDC.dll
0x00007ffa98ec0000 - 0x00007ffa98f12000 	C:\Windows\System32\shlwapi.dll
0x00007ffa97880000 - 0x00007ffa97891000 	C:\Windows\System32\kernel.appcore.dll
0x00007ffa988c0000 - 0x00007ffa988d7000 	C:\Windows\System32\cryptsp.dll
0x00007ffa81dc0000 - 0x00007ffa81dda000 	C:\Program Files\Android\Android Studio1\jre\jre\bin\net.dll
0x00007ffa97070000 - 0x00007ffa970d7000 	C:\Windows\system32\mswsock.dll
0x00007ffa7e050000 - 0x00007ffa7e063000 	C:\Program Files\Android\Android Studio1\jre\jre\bin\nio.dll
0x00007ffa7b010000 - 0x00007ffa7b036000 	C:\Users\Tayba\.gradle\native\31\windows-amd64\native-platform.dll
0x00007ffa8fd50000 - 0x00007ffa8fd5d000 	C:\Program Files\Android\Android Studio1\jre\jre\bin\management.dll
0x00007ffa96be0000 - 0x00007ffa96c13000 	C:\Windows\system32\rsaenh.dll
0x00007ffa978f0000 - 0x00007ffa97916000 	C:\Windows\System32\bcrypt.dll
0x00007ffa97740000 - 0x00007ffa97765000 	C:\Windows\SYSTEM32\USERENV.dll
0x00007ffa97240000 - 0x00007ffa9724c000 	C:\Windows\SYSTEM32\CRYPTBASE.dll
0x00007ffa96d80000 - 0x00007ffa96dba000 	C:\Windows\SYSTEM32\IPHLPAPI.DLL
0x00007ffa99080000 - 0x00007ffa99088000 	C:\Windows\System32\NSI.dll
0x00007ffa903f0000 - 0x00007ffa90406000 	C:\Windows\SYSTEM32\dhcpcsvc6.DLL
0x00007ffa903d0000 - 0x00007ffa903ec000 	C:\Windows\SYSTEM32\dhcpcsvc.DLL
0x00007ffa96dd0000 - 0x00007ffa96e9b000 	C:\Windows\SYSTEM32\DNSAPI.dll
0x00007ffa73650000 - 0x00007ffa737ec000 	C:\Program Files\Android\Android Studio1\jre\jre\bin\awt.dll
0x00007ffa99310000 - 0x00007ffa993d5000 	C:\Windows\System32\OLEAUT32.dll
0x00007ffa96160000 - 0x00007ffa9618d000 	C:\Windows\SYSTEM32\dwmapi.dll
0x00007ffa94800000 - 0x00007ffa94dc0000 	C:\Windows\SYSTEM32\d2d1.dll
0x00007ffa95980000 - 0x00007ffa95a0f000 	C:\Windows\SYSTEM32\apphelp.dll
0x00007ffa95a70000 - 0x00007ffa95b09000 	C:\Windows\system32\uxtheme.dll

VM Arguments:
jvm_args: -Xmx2048m -Dfile.encoding=windows-1252 -Duser.country=US -Duser.language=en -Duser.variant 
java_command: org.gradle.launcher.daemon.bootstrap.GradleDaemon 6.1.1
java_class_path (initial): C:\Users\Tayba\.gradle\wrapper\dists\gradle-6.1.1-all\cfmwm155h49vnt3hynmlrsdst\gradle-6.1.1\lib\gradle-launcher-6.1.1.jar
Launcher Type: SUN_STANDARD

Environment Variables:
PATH=C:\Oracle\Middleware\Oracle_FRHome1\bin;F:\app\Tayba\product\11.2.0\dbhome_1\bin;C:\ProgramData\Oracle\Java\javapath;C:\Windows\system32;C:\Windows;C:\Windows\System32\Wbem;C:\Windows\System32\WindowsPowerShell\v1.0\;C:\Windows\System32\OpenSSH\;C:\Program Files\dotnet\;C:\Program Files\Microsoft SQL Server\110\Tools\Binn\;C:\Program Files (x86)\Microsoft SQL Server\110\Tools\Binn\;C:\Program Files\Microsoft SQL Server\110\DTS\Binn\;C:\Program Files (x86)\Microsoft SQL Server\110\Tools\Binn\ManagementStudio\;C:\Program Files (x86)\Microsoft SQL Server\110\DTS\Binn\;C:\Oracle\Middleware\Oracle_FRHome1\opmn\bin;C:\Oracle\Middleware\Oracle_FRHome1\opmn\lib;C:\Oracle\Middleware\Oracle_FRHome1\perl\bin;C:\Users\Tayba\AppData\Local\Microsoft\WindowsApps;C:\Users\Tayba\AppData\Local\GitHubDesktop\bin
USERNAME=Tayba
LD_LIBRARY_PATH=C:\Oracle\Middleware\Oracle_FRHome1\lib
OS=Windows_NT
PROCESSOR_IDENTIFIER=Intel64 Family 6 Model 142 Stepping 10, GenuineIntel



---------------  S Y S T E M  ---------------

OS: Windows 10.0 , 64 bit Build 18362 (10.0.18362.1110)

CPU:total 8 (initial active 8) (4 cores per cpu, 2 threads per core) family 6 model 142 stepping 10, cmov, cx8, fxsr, mmx, sse, sse2, sse3, ssse3, sse4.1, sse4.2, popcnt, avx, avx2, aes, clmul, erms, 3dnowpref, lzcnt, ht, tsc, tscinvbit, bmi1, bmi2, adx

Memory: 4k page, physical 8295652k(799252k free), swap 9831652k(5376k free)

vm_info: OpenJDK 64-Bit Server VM (25.242-b01) for windows-amd64 JRE (1.8.0_242-release-1644-b01), built by "builder" with MS VC++ 10.0 (VS2010)

time: Fri Jan 01 21:48:11 2021
timezone: Egypt Standard Time
elapsed time: 625 seconds (0d 0h 10m 25s)

