#
# There is insufficient memory for the Java Runtime Environment to continue.
# Native memory allocation (malloc) failed to allocate 74272 bytes for Chunk::new
# Possible reasons:
#   The system is out of physical RAM or swap space
#   The process is running with CompressedOops enabled, and the Java Heap may be blocking the growth of the native heap
# Possible solutions:
#   Reduce memory load on the system
#   Increase physical memory or swap space
#   Check if swap backing store is full
#   Decrease Java heap size (-Xmx/-Xms)
#   Decrease number of Java threads
#   Decrease Java thread stack sizes (-Xss)
#   Set larger code cache with -XX:ReservedCodeCacheSize=
#   JVM is running with Unscaled Compressed Oops mode in which the Java heap is
#     placed in the first 4GB address space. The Java Heap base address is the
#     maximum limit for the native heap growth. Please use -XX:HeapBaseMinAddress
#     to set the Java Heap base and to place the Java Heap above 4GB virtual address.
# This output file may be truncated or incomplete.
#
#  Out of Memory Error (allocation.cpp:389), pid=19936, tid=0x0000000000004340
#
# JRE version: OpenJDK Runtime Environment (8.0_242-b01) (build 1.8.0_242-release-1644-b01)
# Java VM: OpenJDK 64-Bit Server VM (25.242-b01 mixed mode windows-amd64 compressed oops)
# Failed to write core dump. Minidumps are not enabled by default on client versions of Windows
#

---------------  T H R E A D  ---------------

Current thread (0x0000000019365000):  JavaThread "C2 CompilerThread1" daemon [_thread_in_native, id=17216, stack(0x0000000019d30000,0x0000000019e30000)]

Stack: [0x0000000019d30000,0x0000000019e30000]
[error occurred during error reporting (printing stack bounds), id 0xc0000005]

Native frames: (J=compiled Java code, j=interpreted, Vv=VM code, C=native code)


Current CompileTask:
C2:  19037 3543       4       org.objectweb.asm.Frame::execute (2318 bytes)


---------------  P R O C E S S  ---------------

Java Threads: ( => current thread )
  0x000000001c3ac800 JavaThread "Build operations Thread 8" [_thread_blocked, id=15464, stack(0x00000000250f0000,0x00000000251f0000)]
  0x000000001c3a4800 JavaThread "Build operations Thread 7" [_thread_blocked, id=3068, stack(0x0000000024ff0000,0x00000000250f0000)]
  0x000000001c3a4000 JavaThread "Build operations Thread 6" [_thread_blocked, id=14208, stack(0x0000000022c70000,0x0000000022d70000)]
  0x000000001c3a6800 JavaThread "Build operations Thread 5" [_thread_blocked, id=17088, stack(0x0000000022b70000,0x0000000022c70000)]
  0x000000001c3a5800 JavaThread "Build operations Thread 4" [_thread_blocked, id=144, stack(0x0000000022a70000,0x0000000022b70000)]
  0x000000001c3ab000 JavaThread "Build operations Thread 3" [_thread_blocked, id=17304, stack(0x0000000022970000,0x0000000022a70000)]
  0x000000001c3a3000 JavaThread "Build operations Thread 2" [_thread_blocked, id=16976, stack(0x0000000022870000,0x0000000022970000)]
  0x000000001c3aa000 JavaThread "Build operations" [_thread_blocked, id=8260, stack(0x0000000022770000,0x0000000022870000)]
  0x000000001af5e000 JavaThread "Cache worker for execution history cache (C:\Users\Tayba\.gradle\caches\6.1.1\executionHistory)" [_thread_blocked, id=17212, stack(0x00000000219c0000,0x0000000021ac0000)]
  0x000000001af5b000 JavaThread "Cache worker for cache directory md-rule (C:\Users\Tayba\.gradle\caches\6.1.1\md-rule)" [_thread_blocked, id=15168, stack(0x00000000218c0000,0x00000000219c0000)]
  0x000000001af5a800 JavaThread "Cache worker for cache directory md-supplier (C:\Users\Tayba\.gradle\caches\6.1.1\md-supplier)" [_thread_blocked, id=6612, stack(0x00000000217c0000,0x00000000218c0000)]
  0x000000001af5f800 JavaThread "Cache worker for file hash cache (F:\AndroidStudioProjects\CarShopping\.gradle\6.1.1\fileHashes)" [_thread_blocked, id=15312, stack(0x00000000212c0000,0x00000000213c0000)]
  0x000000001af5f000 JavaThread "Cache worker for checksums cache (F:\AndroidStudioProjects\CarShopping\.gradle\checksums)" [_thread_blocked, id=20648, stack(0x00000000211c0000,0x00000000212c0000)]
  0x000000001af60800 JavaThread "Cache worker for file hash cache (C:\Users\Tayba\.gradle\caches\6.1.1\fileHashes)" [_thread_blocked, id=13012, stack(0x000000001e150000,0x000000001e250000)]
  0x000000001af61000 JavaThread "File lock request listener" [_thread_in_native, id=16840, stack(0x000000001e050000,0x000000001e150000)]
  0x000000001a2b0000 JavaThread "Cache worker for journal cache (C:\Users\Tayba\.gradle\caches\journal-1)" [_thread_blocked, id=13924, stack(0x000000001df50000,0x000000001e050000)]
  0x000000001b107000 JavaThread "Thread-9" [_thread_blocked, id=1788, stack(0x000000001dc50000,0x000000001dd50000)]
  0x00000000195de800 JavaThread "Stdin handler" [_thread_blocked, id=20268, stack(0x000000001db50000,0x000000001dc50000)]
  0x000000001a2b8000 JavaThread "Asynchronous log dispatcher for DefaultDaemonConnection: socket connection from /127.0.0.1:54236 to /127.0.0.1:54237" [_thread_blocked, id=16592, stack(0x000000001d950000,0x000000001da50000)]
  0x000000001b082000 JavaThread "Daemon worker" [_thread_in_Java, id=21020, stack(0x000000001d850000,0x000000001d950000)]
  0x000000001b081000 JavaThread "Cancel handler" [_thread_blocked, id=11244, stack(0x000000001d750000,0x000000001d850000)]
  0x000000001ad39000 JavaThread "Handler for socket connection from /127.0.0.1:54236 to /127.0.0.1:54237" [_thread_in_native, id=12484, stack(0x000000001d450000,0x000000001d550000)]
  0x000000001ad38000 JavaThread "Daemon" [_thread_blocked, id=13832, stack(0x000000001d350000,0x000000001d450000)]
  0x00000000196a8000 JavaThread "Daemon periodic checks" [_thread_blocked, id=16340, stack(0x000000001d250000,0x000000001d350000)]
  0x000000001bd67800 JavaThread "Incoming local TCP Connector on port 54236" [_thread_in_native, id=3488, stack(0x000000001d010000,0x000000001d110000)]
  0x000000001a319800 JavaThread "Daemon health stats" [_thread_blocked, id=8812, stack(0x000000001c9d0000,0x000000001cad0000)]
  0x00000000193e1000 JavaThread "Service Thread" daemon [_thread_blocked, id=10852, stack(0x000000001a030000,0x000000001a130000)]
  0x0000000019376000 JavaThread "C1 CompilerThread3" daemon [_thread_in_native, id=2228, stack(0x0000000019f30000,0x000000001a030000)]
  0x000000001936e800 JavaThread "C2 CompilerThread2" daemon [_thread_in_native, id=4904, stack(0x0000000019e30000,0x0000000019f30000)]
=>0x0000000019365000 JavaThread "C2 CompilerThread1" daemon [_thread_in_native, id=17216, stack(0x0000000019d30000,0x0000000019e30000)]
  0x0000000019362800 JavaThread "C2 CompilerThread0" daemon [_thread_blocked, id=11820, stack(0x0000000019c30000,0x0000000019d30000)]
  0x0000000019361000 JavaThread "Attach Listener" daemon [_thread_blocked, id=11016, stack(0x0000000019b30000,0x0000000019c30000)]
  0x0000000019360000 JavaThread "Signal Dispatcher" daemon [_thread_blocked, id=12008, stack(0x0000000019a30000,0x0000000019b30000)]
  0x0000000002419800 JavaThread "Finalizer" daemon [_thread_blocked, id=18668, stack(0x0000000019830000,0x0000000019930000)]
  0x0000000002416800 JavaThread "Reference Handler" daemon [_thread_blocked, id=8756, stack(0x0000000019730000,0x0000000019830000)]
  0x00000000001de800 JavaThread "main" [_thread_blocked, id=12000, stack(0x0000000000a60000,0x0000000000b60000)]

Other Threads:
  0x0000000017556800 VMThread [stack: 0x0000000019230000,0x0000000019330000] [id=18040]
  0x00000000193e1800 WatcherThread [stack: 0x000000001a130000,0x000000001a230000] [id=9392]

VM state:not at safepoint (normal execution)

VM Mutex/Monitor currently owned by a thread: None

heap address: 0x0000000080000000, size: 2048 MB, Compressed Oops mode: 32-bit
Narrow klass base: 0x0000000000000000, Narrow klass shift: 3
Compressed class space size: 1073741824 Address: 0x0000000100000000

Heap:
 PSYoungGen      total 69632K, used 48038K [0x00000000d5580000, 0x00000000db900000, 0x0000000100000000)
  eden space 58368K, 82% used [0x00000000d5580000,0x00000000d84699d8,0x00000000d8e80000)
  from space 11264K, 0% used [0x00000000d8e80000,0x00000000d8e80000,0x00000000d9980000)
  to   space 11264K, 0% used [0x00000000dae00000,0x00000000dae00000,0x00000000db900000)
 ParOldGen       total 94208K, used 14461K [0x0000000080000000, 0x0000000085c00000, 0x00000000d5580000)
  object space 94208K, 15% used [0x0000000080000000,0x0000000080e1f588,0x0000000085c00000)
 Metaspace       used 36079K, capacity 37308K, committed 37544K, reserved 1081344K
  class space    used 4979K, capacity 5291K, committed 5296K, reserved 1048576K

Card table byte_map: [0x00000000118b0000,0x0000000011cc0000] byte_map_base: 0x00000000114b0000

Marking Bits: (ParMarkBitMap*) 0x000000005ed6f030
 Begin Bits: [0x0000000012770000, 0x0000000014770000)
 End Bits:   [0x0000000014770000, 0x0000000016770000)

Polling page: 0x0000000000580000

CodeCache: size=245760Kb used=11275Kb max_used=11331Kb free=234484Kb
 bounds [0x00000000024f0000, 0x0000000003010000, 0x00000000114f0000]
 total_blobs=3985 nmethods=3280 adapters=616
 compilation: enabled

Compilation events (10 events):
Event: 18.976 Thread 0x0000000019376000 nmethod 3553 0x0000000002ab42d0 code [0x0000000002ab4480, 0x0000000002ab4b38]
Event: 18.978 Thread 0x0000000019362800 3554       4       org.codehaus.groovy.runtime.metaclass.MetaMethodIndex::addMethodToList (298 bytes)
Event: 18.978 Thread 0x0000000019376000 3555       3       java.lang.Class$MethodArray::addInterfaceMethods (44 bytes)
Event: 18.979 Thread 0x0000000019376000 nmethod 3555 0x0000000002ab3b90 code [0x0000000002ab3d20, 0x0000000002ab4128]
Event: 18.995 Thread 0x0000000019376000 3556       3       sun.reflect.generics.tree.TypeVariableSignature::make (9 bytes)
Event: 18.995 Thread 0x0000000019376000 nmethod 3556 0x00000000026474d0 code [0x0000000002647640, 0x0000000002647890]
Event: 18.995 Thread 0x0000000019376000 3557       3       sun.reflect.generics.tree.TypeVariableSignature::<init> (10 bytes)
Event: 18.996 Thread 0x0000000019376000 nmethod 3557 0x000000000280db10 code [0x000000000280dc60, 0x000000000280de30]
Event: 19.003 Thread 0x0000000019376000 3558   !   3       java.beans.Introspector::getPublicDeclaredMethods (140 bytes)
Event: 19.006 Thread 0x0000000019376000 nmethod 3558 0x0000000002ab1950 code [0x0000000002ab1c00, 0x0000000002ab3098]

GC Heap History (10 events):
Event: 13.225 GC heap before
{Heap before GC invocations=9 (full 1):
 PSYoungGen      total 43008K, used 34638K [0x00000000d5580000, 0x00000000d9800000, 0x0000000100000000)
  eden space 31744K, 100% used [0x00000000d5580000,0x00000000d7480000,0x00000000d7480000)
  from space 11264K, 25% used [0x00000000d7480000,0x00000000d77539c0,0x00000000d7f80000)
  to   space 11264K, 0% used [0x00000000d8d00000,0x00000000d8d00000,0x00000000d9800000)
 ParOldGen       total 65024K, used 9110K [0x0000000080000000, 0x0000000083f80000, 0x00000000d5580000)
  object space 65024K, 14% used [0x0000000080000000,0x00000000808e5960,0x0000000083f80000)
 Metaspace       used 28248K, capacity 28912K, committed 29232K, reserved 1075200K
  class space    used 3894K, capacity 4127K, committed 4144K, reserved 1048576K
Event: 13.235 GC heap after
Heap after GC invocations=9 (full 1):
 PSYoungGen      total 55808K, used 6214K [0x00000000d5580000, 0x00000000d9700000, 0x0000000100000000)
  eden space 45568K, 0% used [0x00000000d5580000,0x00000000d5580000,0x00000000d8200000)
  from space 10240K, 60% used [0x00000000d8d00000,0x00000000d9311a30,0x00000000d9700000)
  to   space 10752K, 0% used [0x00000000d8200000,0x00000000d8200000,0x00000000d8c80000)
 ParOldGen       total 65024K, used 9118K [0x0000000080000000, 0x0000000083f80000, 0x00000000d5580000)
  object space 65024K, 14% used [0x0000000080000000,0x00000000808e7960,0x0000000083f80000)
 Metaspace       used 28248K, capacity 28912K, committed 29232K, reserved 1075200K
  class space    used 3894K, capacity 4127K, committed 4144K, reserved 1048576K
}
Event: 14.549 GC heap before
{Heap before GC invocations=10 (full 1):
 PSYoungGen      total 55808K, used 51782K [0x00000000d5580000, 0x00000000d9700000, 0x0000000100000000)
  eden space 45568K, 100% used [0x00000000d5580000,0x00000000d8200000,0x00000000d8200000)
  from space 10240K, 60% used [0x00000000d8d00000,0x00000000d9311a30,0x00000000d9700000)
  to   space 10752K, 0% used [0x00000000d8200000,0x00000000d8200000,0x00000000d8c80000)
 ParOldGen       total 65024K, used 9118K [0x0000000080000000, 0x0000000083f80000, 0x00000000d5580000)
  object space 65024K, 14% used [0x0000000080000000,0x00000000808e7960,0x0000000083f80000)
 Metaspace       used 31744K, capacity 32456K, committed 32816K, reserved 1077248K
  class space    used 4308K, capacity 4542K, committed 4656K, reserved 1048576K
Event: 14.565 GC heap after
Heap after GC invocations=10 (full 1):
 PSYoungGen      total 56320K, used 7284K [0x00000000d5580000, 0x00000000da400000, 0x0000000100000000)
  eden space 45568K, 0% used [0x00000000d5580000,0x00000000d5580000,0x00000000d8200000)
  from space 10752K, 67% used [0x00000000d8200000,0x00000000d891d018,0x00000000d8c80000)
  to   space 10752K, 0% used [0x00000000d9980000,0x00000000d9980000,0x00000000da400000)
 ParOldGen       total 65024K, used 9126K [0x0000000080000000, 0x0000000083f80000, 0x00000000d5580000)
  object space 65024K, 14% used [0x0000000080000000,0x00000000808e9960,0x0000000083f80000)
 Metaspace       used 31744K, capacity 32456K, committed 32816K, reserved 1077248K
  class space    used 4308K, capacity 4542K, committed 4656K, reserved 1048576K
}
Event: 15.441 GC heap before
{Heap before GC invocations=11 (full 1):
 PSYoungGen      total 56320K, used 52852K [0x00000000d5580000, 0x00000000da400000, 0x0000000100000000)
  eden space 45568K, 100% used [0x00000000d5580000,0x00000000d8200000,0x00000000d8200000)
  from space 10752K, 67% used [0x00000000d8200000,0x00000000d891d018,0x00000000d8c80000)
  to   space 10752K, 0% used [0x00000000d9980000,0x00000000d9980000,0x00000000da400000)
 ParOldGen       total 65024K, used 9126K [0x0000000080000000, 0x0000000083f80000, 0x00000000d5580000)
  object space 65024K, 14% used [0x0000000080000000,0x00000000808e9960,0x0000000083f80000)
 Metaspace       used 33501K, capacity 34268K, committed 34608K, reserved 1079296K
  class space    used 4597K, capacity 4839K, committed 4912K, reserved 1048576K
Event: 15.451 GC heap after
Heap after GC invocations=11 (full 1):
 PSYoungGen      total 69120K, used 7965K [0x00000000d5580000, 0x00000000da580000, 0x0000000100000000)
  eden space 58368K, 0% used [0x00000000d5580000,0x00000000d5580000,0x00000000d8e80000)
  from space 10752K, 74% used [0x00000000d9980000,0x00000000da1476b0,0x00000000da400000)
  to   space 11264K, 0% used [0x00000000d8e80000,0x00000000d8e80000,0x00000000d9980000)
 ParOldGen       total 65024K, used 9134K [0x0000000080000000, 0x0000000083f80000, 0x00000000d5580000)
  object space 65024K, 14% used [0x0000000080000000,0x00000000808eb960,0x0000000083f80000)
 Metaspace       used 33501K, capacity 34268K, committed 34608K, reserved 1079296K
  class space    used 4597K, capacity 4839K, committed 4912K, reserved 1048576K
}
Event: 15.872 GC heap before
{Heap before GC invocations=12 (full 1):
 PSYoungGen      total 69120K, used 28145K [0x00000000d5580000, 0x00000000da580000, 0x0000000100000000)
  eden space 58368K, 34% used [0x00000000d5580000,0x00000000d6934de8,0x00000000d8e80000)
  from space 10752K, 74% used [0x00000000d9980000,0x00000000da1476b0,0x00000000da400000)
  to   space 11264K, 0% used [0x00000000d8e80000,0x00000000d8e80000,0x00000000d9980000)
 ParOldGen       total 65024K, used 9134K [0x0000000080000000, 0x0000000083f80000, 0x00000000d5580000)
  object space 65024K, 14% used [0x0000000080000000,0x00000000808eb960,0x0000000083f80000)
 Metaspace       used 34606K, capacity 35406K, committed 35496K, reserved 1079296K
  class space    used 4743K, capacity 4972K, committed 5040K, reserved 1048576K
Event: 15.883 GC heap after
Heap after GC invocations=12 (full 1):
 PSYoungGen      total 69632K, used 7764K [0x00000000d5580000, 0x00000000db900000, 0x0000000100000000)
  eden space 58368K, 0% used [0x00000000d5580000,0x00000000d5580000,0x00000000d8e80000)
  from space 11264K, 68% used [0x00000000d8e80000,0x00000000d96150a8,0x00000000d9980000)
  to   space 11264K, 0% used [0x00000000dae00000,0x00000000dae00000,0x00000000db900000)
 ParOldGen       total 65024K, used 9134K [0x0000000080000000, 0x0000000083f80000, 0x00000000d5580000)
  object space 65024K, 14% used [0x0000000080000000,0x00000000808eb960,0x0000000083f80000)
 Metaspace       used 34606K, capacity 35406K, committed 35496K, reserved 1079296K
  class space    used 4743K, capacity 4972K, committed 5040K, reserved 1048576K
}
Event: 15.883 GC heap before
{Heap before GC invocations=13 (full 2):
 PSYoungGen      total 69632K, used 7764K [0x00000000d5580000, 0x00000000db900000, 0x0000000100000000)
  eden space 58368K, 0% used [0x00000000d5580000,0x00000000d5580000,0x00000000d8e80000)
  from space 11264K, 68% used [0x00000000d8e80000,0x00000000d96150a8,0x00000000d9980000)
  to   space 11264K, 0% used [0x00000000dae00000,0x00000000dae00000,0x00000000db900000)
 ParOldGen       total 65024K, used 9134K [0x0000000080000000, 0x0000000083f80000, 0x00000000d5580000)
  object space 65024K, 14% used [0x0000000080000000,0x00000000808eb960,0x0000000083f80000)
 Metaspace       used 34606K, capacity 35406K, committed 35496K, reserved 1079296K
  class space    used 4743K, capacity 4972K, committed 5040K, reserved 1048576K
Event: 15.950 GC heap after
Heap after GC invocations=13 (full 2):
 PSYoungGen      total 69632K, used 0K [0x00000000d5580000, 0x00000000db900000, 0x0000000100000000)
  eden space 58368K, 0% used [0x00000000d5580000,0x00000000d5580000,0x00000000d8e80000)
  from space 11264K, 0% used [0x00000000d8e80000,0x00000000d8e80000,0x00000000d9980000)
  to   space 11264K, 0% used [0x00000000dae00000,0x00000000dae00000,0x00000000db900000)
 ParOldGen       total 94208K, used 14461K [0x0000000080000000, 0x0000000085c00000, 0x00000000d5580000)
  object space 94208K, 15% used [0x0000000080000000,0x0000000080e1f588,0x0000000085c00000)
 Metaspace       used 34606K, capacity 35406K, committed 35496K, reserved 1079296K
  class space    used 4743K, capacity 4972K, committed 5040K, reserved 1048576K
}

Deoptimization events (10 events):
Event: 14.365 Thread 0x000000001b082000 Uncommon trap: reason=class_check action=maybe_recompile pc=0x0000000002835eb4 method=sun.misc.URLClassPath.getLoader(I)Lsun/misc/URLClassPath$Loader; @ 239
Event: 14.573 Thread 0x0000000002419800 Uncommon trap: reason=unstable_if action=reinterpret pc=0x0000000002ace9a4 method=java.lang.ref.Finalizer.remove()V @ 10
Event: 14.595 Thread 0x000000001b082000 Uncommon trap: reason=unstable_if action=reinterpret pc=0x0000000002d73f04 method=org.codehaus.groovy.runtime.metaclass.MetaMethodIndex.addMethodToList(Ljava/lang/Object;Lgroovy/lang/MetaMethod;)Ljava/lang/Object; @ 226
Event: 14.665 Thread 0x000000001b082000 Uncommon trap: reason=class_check action=maybe_recompile pc=0x0000000002616028 method=java.util.WeakHashMap.eq(Ljava/lang/Object;Ljava/lang/Object;)Z @ 7
Event: 14.995 Thread 0x000000001b082000 Uncommon trap: reason=unstable_if action=reinterpret pc=0x000000000274b8e0 method=java.net.URI.match(CJJ)Z @ 45
Event: 15.572 Thread 0x000000001b082000 Uncommon trap: reason=unstable_if action=reinterpret pc=0x00000000027bfdfc method=jdk.internal.org.objectweb.asm.Type.getArgumentsAndReturnSizes(Ljava/lang/String;)I @ 88
Event: 17.610 Thread 0x000000001b082000 Uncommon trap: reason=unstable_if action=reinterpret pc=0x000000000285d2ac method=java.util.jar.JarFile.match([C[B[I[I)Z @ 29
Event: 18.564 Thread 0x000000001b082000 Uncommon trap: reason=unstable_if action=reinterpret pc=0x00000000029a224c method=java.util.WeakHashMap.expungeStaleEntries()V @ 66
Event: 18.671 Thread 0x000000001b082000 Uncommon trap: reason=bimorphic action=maybe_recompile pc=0x0000000002da3e44 method=java.util.AbstractCollection.addAll(Ljava/util/Collection;)Z @ 29
Event: 18.853 Thread 0x000000001b082000 Uncommon trap: reason=range_check action=make_not_entrant pc=0x0000000002e3f518 method=java.lang.String.charAt(I)C @ 27

Classes redefined (0 events):
No events

Internal exceptions (10 events):
Event: 18.745 Thread 0x000000001b082000 Exception <a 'java/lang/ClassNotFoundException': org/gradle/api/internal/artifacts/repositories/DefaultMavenArtifactRepository_DecoratedCustomizer> (0x00000000d7bb5350) thrown at [C:\src\AOSP-openjdk-git\hotspot\src\share\vm\classfile\systemDictionary.cpp
Event: 18.981 Thread 0x000000001b082000 Exception <a 'java/lang/ClassNotFoundException': org/gradle/api/tasks/Delete_DecoratedBeanInfo> (0x00000000d805f2e0) thrown at [C:\src\AOSP-openjdk-git\hotspot\src\share\vm\classfile\systemDictionary.cpp, line 210]
Event: 18.983 Thread 0x000000001b082000 Exception <a 'java/lang/ClassNotFoundException': org/gradle/api/tasks/DeleteBeanInfo> (0x00000000d808d448) thrown at [C:\src\AOSP-openjdk-git\hotspot\src\share\vm\classfile\systemDictionary.cpp, line 210]
Event: 18.985 Thread 0x000000001b082000 Exception <a 'java/lang/ClassNotFoundException': org/gradle/api/internal/ConventionTaskBeanInfo> (0x00000000d80c1b60) thrown at [C:\src\AOSP-openjdk-git\hotspot\src\share\vm\classfile\systemDictionary.cpp, line 210]
Event: 18.987 Thread 0x000000001b082000 Exception <a 'java/lang/ClassNotFoundException': org/gradle/api/DefaultTaskBeanInfo> (0x00000000d80ed1b8) thrown at [C:\src\AOSP-openjdk-git\hotspot\src\share\vm\classfile\systemDictionary.cpp, line 210]
Event: 18.989 Thread 0x000000001b082000 Exception <a 'java/lang/ClassNotFoundException': org/gradle/api/internal/AbstractTaskBeanInfo> (0x00000000d8120a90) thrown at [C:\src\AOSP-openjdk-git\hotspot\src\share\vm\classfile\systemDictionary.cpp, line 210]
Event: 18.992 Thread 0x000000001b082000 Exception <a 'java/lang/ClassNotFoundException': org/gradle/api/internal/AbstractTaskCustomizer> (0x00000000d8155190) thrown at [C:\src\AOSP-openjdk-git\hotspot\src\share\vm\classfile\systemDictionary.cpp, line 210]
Event: 18.999 Thread 0x000000001b082000 Exception <a 'java/lang/ClassNotFoundException': org/gradle/api/DefaultTaskCustomizer> (0x00000000d81e9e58) thrown at [C:\src\AOSP-openjdk-git\hotspot\src\share\vm\classfile\systemDictionary.cpp, line 210]
Event: 19.002 Thread 0x000000001b082000 Exception <a 'java/lang/ClassNotFoundException': org/gradle/api/internal/ConventionTaskCustomizer> (0x00000000d8230090) thrown at [C:\src\AOSP-openjdk-git\hotspot\src\share\vm\classfile\systemDictionary.cpp, line 210]
Event: 19.007 Thread 0x000000001b082000 Exception <a 'java/lang/ClassNotFoundException': org/gradle/api/tasks/DeleteCustomizer> (0x00000000d8272a08) thrown at [C:\src\AOSP-openjdk-git\hotspot\src\share\vm\classfile\systemDictionary.cpp, line 210]

Events (10 events):
Event: 19.006 loading class org/gradle/api/tasks/DeleteCustomizer
Event: 19.006 loading class org/gradle/api/tasks/DeleteCustomizer done
Event: 19.007 loading class org/gradle/api/tasks/DeleteCustomizer
Event: 19.007 loading class org/gradle/api/tasks/DeleteCustomizer done
Event: 19.008 loading class org/gradle/api/tasks/Delete_DecoratedCustomizer
Event: 19.008 loading class org/gradle/api/tasks/Delete_DecoratedCustomizer done
Event: 19.009 loading class org/gradle/api/tasks/Delete_DecoratedCustomizer
Event: 19.009 loading class org/gradle/api/tasks/Delete_DecoratedCustomizer done
Event: 19.009 loading class org/gradle/api/tasks/Delete_DecoratedCustomizer
Event: 19.009 loading class org/gradle/api/tasks/Delete_DecoratedCustomizer done


Dynamic libraries:
0x00007ff6a2620000 - 0x00007ff6a2651000 	C:\Program Files\Android\Android Studio1\jre\bin\java.exe
0x00007ffa9a980000 - 0x00007ffa9ab70000 	C:\Windows\SYSTEM32\ntdll.dll
0x00007ffa99090000 - 0x00007ffa99142000 	C:\Windows\System32\KERNEL32.DLL
0x00007ffa97a50000 - 0x00007ffa97cf5000 	C:\Windows\System32\KERNELBASE.dll
0x00007ffa997c0000 - 0x00007ffa99863000 	C:\Windows\System32\ADVAPI32.dll
0x00007ffa99150000 - 0x00007ffa991ee000 	C:\Windows\System32\msvcrt.dll
0x00007ffa9a4b0000 - 0x00007ffa9a547000 	C:\Windows\System32\sechost.dll
0x00007ffa996a0000 - 0x00007ffa997c0000 	C:\Windows\System32\RPCRT4.dll
0x00007ffa99500000 - 0x00007ffa99694000 	C:\Windows\System32\USER32.dll
0x00007ffa97f10000 - 0x00007ffa97f31000 	C:\Windows\System32\win32u.dll
0x00007ffa9a570000 - 0x00007ffa9a596000 	C:\Windows\System32\GDI32.dll
0x00007ffa98720000 - 0x00007ffa988b6000 	C:\Windows\System32\gdi32full.dll
0x00007ffa97920000 - 0x00007ffa979be000 	C:\Windows\System32\msvcp_win.dll
0x00007ffa97e10000 - 0x00007ffa97f0a000 	C:\Windows\System32\ucrtbase.dll
0x00007ffa7edd0000 - 0x00007ffa7f054000 	C:\Windows\WinSxS\amd64_microsoft.windows.common-controls_6595b64144ccf1df_6.0.18362.1256_none_9e7e379be45e40e2\COMCTL32.dll
0x00007ffa98a30000 - 0x00007ffa98d66000 	C:\Windows\System32\combase.dll
0x00007ffa979c0000 - 0x00007ffa97a41000 	C:\Windows\System32\bcryptPrimitives.dll
0x00007ffa9a910000 - 0x00007ffa9a93e000 	C:\Windows\System32\IMM32.DLL
0x000000005f980000 - 0x000000005fa52000 	C:\Program Files\Android\Android Studio1\jre\jre\bin\msvcr100.dll
0x000000005e5a0000 - 0x000000005edeb000 	C:\Program Files\Android\Android Studio1\jre\jre\bin\server\jvm.dll
0x00007ffa98eb0000 - 0x00007ffa98eb8000 	C:\Windows\System32\PSAPI.DLL
0x00007ffa90770000 - 0x00007ffa90794000 	C:\Windows\SYSTEM32\WINMM.dll
0x00007ffa91c80000 - 0x00007ffa91c8a000 	C:\Windows\SYSTEM32\VERSION.dll
0x00007ffa93f70000 - 0x00007ffa93f79000 	C:\Windows\SYSTEM32\WSOCK32.dll
0x00007ffa993e0000 - 0x00007ffa9944f000 	C:\Windows\System32\WS2_32.dll
0x00007ffa90740000 - 0x00007ffa9076d000 	C:\Windows\SYSTEM32\winmmbase.dll
0x00007ffa986d0000 - 0x00007ffa9871a000 	C:\Windows\System32\cfgmgr32.dll
0x00007ffa935a0000 - 0x00007ffa935af000 	C:\Program Files\Android\Android Studio1\jre\jre\bin\verify.dll
0x00007ffa91b10000 - 0x00007ffa91b39000 	C:\Program Files\Android\Android Studio1\jre\jre\bin\java.dll
0x00007ffa91aa0000 - 0x00007ffa91ab6000 	C:\Program Files\Android\Android Studio1\jre\jre\bin\zip.dll
0x00007ffa99870000 - 0x00007ffa99f57000 	C:\Windows\System32\SHELL32.dll
0x00007ffa99450000 - 0x00007ffa994f9000 	C:\Windows\System32\shcore.dll
0x00007ffa97f40000 - 0x00007ffa986c1000 	C:\Windows\System32\windows.storage.dll
0x00007ffa978c0000 - 0x00007ffa978e3000 	C:\Windows\System32\profapi.dll
0x00007ffa97830000 - 0x00007ffa9787a000 	C:\Windows\System32\powrprof.dll
0x00007ffa97820000 - 0x00007ffa97830000 	C:\Windows\System32\UMPDC.dll
0x00007ffa98ec0000 - 0x00007ffa98f12000 	C:\Windows\System32\shlwapi.dll
0x00007ffa97880000 - 0x00007ffa97891000 	C:\Windows\System32\kernel.appcore.dll
0x00007ffa988c0000 - 0x00007ffa988d7000 	C:\Windows\System32\cryptsp.dll
0x00007ffa87200000 - 0x00007ffa8721a000 	C:\Program Files\Android\Android Studio1\jre\jre\bin\net.dll
0x00007ffa97070000 - 0x00007ffa970d7000 	C:\Windows\system32\mswsock.dll
0x00007ffa86a10000 - 0x00007ffa86a23000 	C:\Program Files\Android\Android Studio1\jre\jre\bin\nio.dll
0x00007ffa7c6c0000 - 0x00007ffa7c6e6000 	C:\Users\Tayba\.gradle\native\31\windows-amd64\native-platform.dll
0x00007ffa91b00000 - 0x00007ffa91b0d000 	C:\Program Files\Android\Android Studio1\jre\jre\bin\management.dll
0x00007ffa96be0000 - 0x00007ffa96c13000 	C:\Windows\system32\rsaenh.dll
0x00007ffa978f0000 - 0x00007ffa97916000 	C:\Windows\System32\bcrypt.dll
0x00007ffa97740000 - 0x00007ffa97765000 	C:\Windows\SYSTEM32\USERENV.dll
0x00007ffa97240000 - 0x00007ffa9724c000 	C:\Windows\SYSTEM32\CRYPTBASE.dll
0x00007ffa96d80000 - 0x00007ffa96dba000 	C:\Windows\SYSTEM32\IPHLPAPI.DLL
0x00007ffa99080000 - 0x00007ffa99088000 	C:\Windows\System32\NSI.dll
0x00007ffa903f0000 - 0x00007ffa90406000 	C:\Windows\SYSTEM32\dhcpcsvc6.DLL
0x00007ffa903d0000 - 0x00007ffa903ec000 	C:\Windows\SYSTEM32\dhcpcsvc.DLL
0x00007ffa96dd0000 - 0x00007ffa96e9b000 	C:\Windows\SYSTEM32\DNSAPI.dll

VM Arguments:
jvm_args: -Xmx2048m -Dfile.encoding=windows-1252 -Duser.country=US -Duser.language=en -Duser.variant 
java_command: org.gradle.launcher.daemon.bootstrap.GradleDaemon 6.1.1
java_class_path (initial): C:\Users\Tayba\.gradle\wrapper\dists\gradle-6.1.1-all\cfmwm155h49vnt3hynmlrsdst\gradle-6.1.1\lib\gradle-launcher-6.1.1.jar
Launcher Type: SUN_STANDARD

Environment Variables:
PATH=C:\Oracle\Middleware\Oracle_FRHome1\bin;F:\app\Tayba\product\11.2.0\dbhome_1\bin;C:\ProgramData\Oracle\Java\javapath;C:\Windows\system32;C:\Windows;C:\Windows\System32\Wbem;C:\Windows\System32\WindowsPowerShell\v1.0\;C:\Windows\System32\OpenSSH\;C:\Program Files\dotnet\;C:\Program Files\Microsoft SQL Server\110\Tools\Binn\;C:\Program Files (x86)\Microsoft SQL Server\110\Tools\Binn\;C:\Program Files\Microsoft SQL Server\110\DTS\Binn\;C:\Program Files (x86)\Microsoft SQL Server\110\Tools\Binn\ManagementStudio\;C:\Program Files (x86)\Microsoft SQL Server\110\DTS\Binn\;C:\Oracle\Middleware\Oracle_FRHome1\opmn\bin;C:\Oracle\Middleware\Oracle_FRHome1\opmn\lib;C:\Oracle\Middleware\Oracle_FRHome1\perl\bin;C:\Users\Tayba\AppData\Local\Microsoft\WindowsApps;C:\Users\Tayba\AppData\Local\GitHubDesktop\bin
USERNAME=Tayba
LD_LIBRARY_PATH=C:\Oracle\Middleware\Oracle_FRHome1\lib
OS=Windows_NT
PROCESSOR_IDENTIFIER=Intel64 Family 6 Model 142 Stepping 10, GenuineIntel



---------------  S Y S T E M  ---------------

OS: Windows 10.0 , 64 bit Build 18362 (10.0.18362.1110)

CPU:total 8 (initial active 8) (4 cores per cpu, 2 threads per core) family 6 model 142 stepping 10, cmov, cx8, fxsr, mmx, sse, sse2, sse3, ssse3, sse4.1, sse4.2, popcnt, avx, avx2, aes, clmul, erms, 3dnowpref, lzcnt, ht, tsc, tscinvbit, bmi1, bmi2, adx

Memory: 4k page, physical 8295652k(1142136k free), swap 9831652k(14960k free)

vm_info: OpenJDK 64-Bit Server VM (25.242-b01) for windows-amd64 JRE (1.8.0_242-release-1644-b01), built by "builder" with MS VC++ 10.0 (VS2010)

time: Fri Jan 01 21:22:56 2021
timezone: Egypt Standard Time
elapsed time: 19 seconds (0d 0h 0m 19s)

